12.10.2025 19:49:29 startup: Импорты main.py выполнены
12.10.2025 19:53:15 startup: Импорты main.py выполнены
12.10.2025 19:53:15 startup: Запуск uvicorn.run
12.10.2025 19:53:18 startup: lifespan: startup начат
12.10.2025 19:53:18 startup: База инициализирована
12.10.2025 19:53:21 startup: Base добавлен в app.state
12.10.2025 19:53:21 startup: Async Log инициализирован
12.10.2025 19:54:44 auth: Токен выдан успешно: {'username': 'admin'}
12.10.2025 19:54:51 auth: Токен проверен: admin
12.10.2025 19:54:51 dialog: ERROR: Ошибка при очистке диалога: 'AssistantDialog' object has no attribute 'clear_dialog': {'client_id': 1}
12.10.2025 20:01:35 shutdown: Остановка приложения
12.10.2025 20:01:35 shutdown: Log корректно завершён
12.10.2025 20:01:39 startup: lifespan: startup начат
12.10.2025 20:01:39 startup: База инициализирована
12.10.2025 20:01:40 startup: Base добавлен в app.state
12.10.2025 20:01:40 startup: Async Log инициализирован
12.10.2025 20:01:50 auth: Токен проверен: admin
12.10.2025 20:01:50 dialog: ERROR: Ошибка при очистке диалога: (sqlite3.OperationalError) table leads has no column named step
[SQL: INSERT INTO leads (name, contact, log, motive, model, needs, step, finished, model_answer) VALUES (?, ?, ?, ?, ?, ?, ?, ?, ?) RETURNING id, timestamp]
[parameters: (None, None, '[]', None, None, None, 0, 0, None)]
(Background on this error at: https://sqlalche.me/e/20/e3q8): {'client_id': 1}
12.10.2025 20:02:17 shutdown: Остановка приложения
12.10.2025 20:02:17 shutdown: Log корректно завершён
12.10.2025 20:07:46 startup: Импорты main.py выполнены
12.10.2025 20:07:47 startup: Запуск uvicorn.run
12.10.2025 20:07:50 startup: lifespan: startup начат
12.10.2025 20:07:50 startup: База инициализирована
12.10.2025 20:07:50 startup: Base добавлен в app.state
12.10.2025 20:07:50 startup: Async Log инициализирован
12.10.2025 20:07:58 auth: Токен проверен: admin
12.10.2025 20:07:58 lead: Лид загружен: {'id': 1}
12.10.2025 20:07:58 lead: Лид обновлён: {'id': 1}
12.10.2025 20:07:58 dialog: Лид очищен: {'lead_id': 1}
12.10.2025 20:07:58 dialog: История диалога очищена: {'client_id': 1}
12.10.2025 20:08:08 auth: Токен проверен: admin
12.10.2025 20:08:08 dialog: ERROR: Пустой user_input в диалоге: {'client_id': 1}
12.10.2025 20:10:40 auth: Токен проверен: admin
12.10.2025 20:10:40 dialog_step: START step(): {'client_id': 1, 'user_input': 'Привет'}
12.10.2025 20:10:40 lead: Лид загружен: {'id': 1}
12.10.2025 20:10:40 dialog: ERROR: Ошибка при обработке шага диалога: '"model_answer"': {'client_id': 1}
12.10.2025 20:13:14 shutdown: Остановка приложения
12.10.2025 20:13:14 shutdown: Log корректно завершён
12.10.2025 20:13:18 startup: lifespan: startup начат
12.10.2025 20:13:18 startup: База инициализирована
12.10.2025 20:13:19 startup: Base добавлен в app.state
12.10.2025 20:13:19 startup: Async Log инициализирован
12.10.2025 20:13:24 auth: Токен проверен: admin
12.10.2025 20:13:24 dialog_step: START step(): {'client_id': 1, 'user_input': 'Привет'}
12.10.2025 20:13:24 lead: Лид загружен: {'id': 1}
12.10.2025 20:13:24 dialog: ERROR: Ошибка при обработке шага диалога: '"model_answer"': {'client_id': 1}
12.10.2025 20:14:07 shutdown: Остановка приложения
12.10.2025 20:14:07 shutdown: Log корректно завершён
12.10.2025 20:14:25 startup: Импорты main.py выполнены
12.10.2025 20:14:25 startup: Запуск uvicorn.run
12.10.2025 20:14:29 startup: lifespan: startup начат
12.10.2025 20:14:29 startup: База инициализирована
12.10.2025 20:14:30 startup: Base добавлен в app.state
12.10.2025 20:14:30 startup: Async Log инициализирован
12.10.2025 20:14:42 auth: Токен проверен: admin
12.10.2025 20:14:42 dialog_step: START step(): {'client_id': 1, 'user_input': 'Привет'}
12.10.2025 20:14:42 lead: Лид загружен: {'id': 1}
12.10.2025 20:14:42 dialog: ERROR: Ошибка при обработке шага диалога: '"model_answer"': {'client_id': 1}
12.10.2025 20:15:43 shutdown: Остановка приложения
12.10.2025 20:15:43 shutdown: Log корректно завершён
12.10.2025 20:15:47 startup: lifespan: startup начат
12.10.2025 20:15:47 startup: База инициализирована
12.10.2025 20:15:48 startup: Base добавлен в app.state
12.10.2025 20:15:48 startup: Async Log инициализирован
12.10.2025 20:16:32 shutdown: Остановка приложения
12.10.2025 20:16:33 shutdown: Log корректно завершён
12.10.2025 20:16:37 startup: lifespan: startup начат
12.10.2025 20:16:37 startup: База инициализирована
12.10.2025 20:16:38 startup: Base добавлен в app.state
12.10.2025 20:16:38 startup: Async Log инициализирован
12.10.2025 20:20:58 shutdown: Остановка приложения
12.10.2025 20:20:58 shutdown: Log корректно завершён
12.10.2025 20:21:02 startup: lifespan: startup начат
12.10.2025 20:21:02 startup: База инициализирована
12.10.2025 20:21:03 startup: Base добавлен в app.state
12.10.2025 20:21:03 startup: Async Log инициализирован
12.10.2025 20:22:28 auth: Токен проверен: admin
12.10.2025 20:22:28 dialog_step: START step(): {'client_id': 1, 'user_input': 'Привет'}
12.10.2025 20:22:28 lead: Лид загружен: {'id': 1}
12.10.2025 20:22:28 dialog: ERROR: Ошибка при обработке шага диалога: '"model_answer"': {'client_id': 1}
12.10.2025 20:22:37 shutdown: Остановка приложения
12.10.2025 20:22:37 shutdown: Log корректно завершён
12.10.2025 20:22:41 startup: Импорты main.py выполнены
12.10.2025 20:22:41 startup: Запуск uvicorn.run
12.10.2025 20:22:44 startup: lifespan: startup начат
12.10.2025 20:22:44 startup: База инициализирована
12.10.2025 20:22:45 startup: Base добавлен в app.state
12.10.2025 20:22:45 startup: Async Log инициализирован
12.10.2025 20:22:46 auth: Токен проверен: admin
12.10.2025 20:22:46 dialog_step: START step(): {'client_id': 1, 'user_input': 'Привет'}
12.10.2025 20:22:46 lead: Лид загружен: {'id': 1}
12.10.2025 20:22:46 dialog: ERROR: Ошибка при обработке шага диалога: '"model_answer"': {'client_id': 1}
12.10.2025 20:24:16 shutdown: Остановка приложения
12.10.2025 20:24:16 shutdown: Log корректно завершён
12.10.2025 20:24:19 startup: lifespan: startup начат
12.10.2025 20:24:19 startup: База инициализирована
12.10.2025 20:24:20 startup: Base добавлен в app.state
12.10.2025 20:24:20 startup: Async Log инициализирован
12.10.2025 20:27:53 shutdown: Остановка приложения
12.10.2025 20:27:53 shutdown: Log корректно завершён
12.10.2025 20:27:56 startup: lifespan: startup начат
12.10.2025 20:27:56 startup: База инициализирована
12.10.2025 20:27:57 startup: Base добавлен в app.state
12.10.2025 20:27:57 startup: Async Log инициализирован
12.10.2025 20:28:03 auth: WARNING: Токен истёк
12.10.2025 20:28:10 auth: Токен выдан успешно: {'username': 'admin'}
12.10.2025 20:28:14 auth: Токен проверен: admin
12.10.2025 20:28:14 dialog_step: START step(): {'client_id': 1, 'user_input': 'Привет'}
12.10.2025 20:28:14 lead: Лид загружен: {'id': 1}
12.10.2025 20:28:14 dialog: ERROR: Ошибка при обработке шага диалога: '"model_answer"': {'client_id': 1}
12.10.2025 20:30:25 shutdown: Остановка приложения
12.10.2025 20:30:25 shutdown: Log корректно завершён
12.10.2025 20:30:28 startup: lifespan: startup начат
12.10.2025 20:30:28 startup: База инициализирована
12.10.2025 20:30:29 startup: Base добавлен в app.state
12.10.2025 20:30:29 startup: Async Log инициализирован
12.10.2025 20:30:36 auth: Токен проверен: admin
12.10.2025 20:30:36 dialog_step: START step(): {'client_id': 1, 'user_input': 'Привет'}
12.10.2025 20:30:36 lead: Лид загружен: {'id': 1}
12.10.2025 20:30:36 dialog: ERROR: Ошибка при обработке шага диалога: '"model_answer"': {'client_id': 1}
12.10.2025 20:31:55 shutdown: Остановка приложения
12.10.2025 20:31:55 shutdown: Log корректно завершён
12.10.2025 20:31:58 startup: lifespan: startup начат
12.10.2025 20:31:58 startup: База инициализирована
12.10.2025 20:31:59 startup: Base добавлен в app.state
12.10.2025 20:31:59 startup: Async Log инициализирован
12.10.2025 20:31:59 auth: Токен проверен: admin
12.10.2025 20:31:59 dialog_step: START step(): {'client_id': 1, 'user_input': 'Привет'}
12.10.2025 20:31:59 lead: Лид загружен: {'id': 1}
12.10.2025 20:31:59 dialog: ERROR: Ошибка при обработке шага диалога: '"model_answer"': {'client_id': 1}
12.10.2025 20:32:22 shutdown: Остановка приложения
12.10.2025 20:32:22 shutdown: Log корректно завершён
12.10.2025 20:32:25 startup: lifespan: startup начат
12.10.2025 20:32:25 startup: База инициализирована
12.10.2025 20:32:26 startup: Base добавлен в app.state
12.10.2025 20:32:26 startup: Async Log инициализирован
12.10.2025 20:32:26 auth: Токен проверен: admin
12.10.2025 20:32:26 dialog_step: START step(): {'client_id': 1, 'user_input': 'Привет'}
12.10.2025 20:32:26 lead: Лид загружен: {'id': 1}
12.10.2025 20:32:26 dialog: ERROR: Ошибка при обработке шага диалога: '"model_answer"': {'client_id': 1}
12.10.2025 20:33:01 shutdown: Остановка приложения
12.10.2025 20:33:01 shutdown: Log корректно завершён
12.10.2025 20:33:04 startup: lifespan: startup начат
12.10.2025 20:33:04 startup: База инициализирована
12.10.2025 20:33:05 startup: Base добавлен в app.state
12.10.2025 20:33:05 startup: Async Log инициализирован
12.10.2025 20:33:05 auth: Токен проверен: admin
12.10.2025 20:33:05 dialog_step: START step(): {'client_id': 1, 'user_input': 'Привет'}
12.10.2025 20:33:06 lead: Лид загружен: {'id': 1}
12.10.2025 20:33:06 dialog: ERROR: Ошибка при обработке шага диалога: '"model_answer"': {'client_id': 1}
12.10.2025 20:34:26 shutdown: Остановка приложения
12.10.2025 20:34:26 shutdown: Log корректно завершён
12.10.2025 20:34:30 startup: lifespan: startup начат
12.10.2025 20:34:30 startup: База инициализирована
12.10.2025 20:34:31 startup: Base добавлен в app.state
12.10.2025 20:34:31 startup: Async Log инициализирован
12.10.2025 20:34:39 auth: Токен проверен: admin
12.10.2025 20:34:39 dialog_step: START step(): {'client_id': 1, 'user_input': 'Привет'}
12.10.2025 20:34:39 lead: Лид загружен: {'id': 1}
12.10.2025 20:34:39 dialog: ERROR: Ошибка при обработке шага диалога: '"model_answer"': {'client_id': 1}
12.10.2025 20:35:07 shutdown: Остановка приложения
12.10.2025 20:35:07 shutdown: Log корректно завершён
12.10.2025 20:35:11 startup: lifespan: startup начат
12.10.2025 20:35:11 startup: База инициализирована
12.10.2025 20:35:12 startup: Base добавлен в app.state
12.10.2025 20:35:12 startup: Async Log инициализирован
12.10.2025 20:35:12 auth: Токен проверен: admin
12.10.2025 20:35:12 dialog_step: START step(): {'client_id': 1, 'user_input': 'Привет'}
12.10.2025 20:35:12 lead: Лид загружен: {'id': 1}
12.10.2025 20:35:12 dialog: ERROR: Ошибка при обработке шага диалога: '"model_answer"': {'client_id': 1}
12.10.2025 20:35:20 shutdown: Остановка приложения
12.10.2025 20:35:20 shutdown: Log корректно завершён
12.10.2025 20:35:23 startup: lifespan: startup начат
12.10.2025 20:35:23 startup: База инициализирована
12.10.2025 20:35:24 startup: Base добавлен в app.state
12.10.2025 20:35:24 startup: Async Log инициализирован
12.10.2025 20:35:41 shutdown: Остановка приложения
12.10.2025 20:35:41 shutdown: Log корректно завершён
12.10.2025 20:35:45 startup: lifespan: startup начат
12.10.2025 20:35:45 startup: База инициализирована
12.10.2025 20:35:46 startup: Base добавлен в app.state
12.10.2025 20:35:46 startup: Async Log инициализирован
12.10.2025 20:35:50 auth: Токен проверен: admin
12.10.2025 20:35:50 dialog_step: START step(): {'client_id': 1, 'user_input': 'Привет'}
12.10.2025 20:35:50 lead: Лид загружен: {'id': 1}
12.10.2025 20:35:50 dialog: ERROR: Ошибка при обработке шага диалога: '"model_answer"': {'client_id': 1}
12.10.2025 20:36:03 shutdown: Остановка приложения
12.10.2025 20:36:03 shutdown: Log корректно завершён
12.10.2025 20:36:06 startup: lifespan: startup начат
12.10.2025 20:36:06 startup: База инициализирована
12.10.2025 20:36:07 startup: Base добавлен в app.state
12.10.2025 20:36:07 startup: Async Log инициализирован
12.10.2025 20:36:46 shutdown: Остановка приложения
12.10.2025 20:36:46 shutdown: Log корректно завершён
12.10.2025 20:36:50 startup: lifespan: startup начат
12.10.2025 20:36:50 startup: База инициализирована
12.10.2025 20:36:51 startup: Base добавлен в app.state
12.10.2025 20:36:51 startup: Async Log инициализирован
12.10.2025 20:36:51 auth: Токен проверен: admin
12.10.2025 20:36:51 dialog_step: START step(): {'client_id': 1, 'user_input': 'Привет'}
12.10.2025 20:36:51 lead: Лид загружен: {'id': 1}
12.10.2025 20:36:51 dialog: ERROR: Ошибка при обработке шага диалога: '"model_answer"': {'client_id': 1}
12.10.2025 20:37:08 shutdown: Остановка приложения
12.10.2025 20:37:08 shutdown: Log корректно завершён
12.10.2025 20:37:11 startup: lifespan: startup начат
12.10.2025 20:37:11 startup: База инициализирована
12.10.2025 20:37:12 startup: Base добавлен в app.state
12.10.2025 20:37:12 startup: Async Log инициализирован
12.10.2025 20:37:12 auth: Токен проверен: admin
12.10.2025 20:37:12 dialog_step: START step(): {'client_id': 1, 'user_input': 'Привет'}
12.10.2025 20:37:12 lead: Лид загружен: {'id': 1}
12.10.2025 20:37:12 dialog: ERROR: Ошибка при обработке шага диалога: '"model_answer"': {'client_id': 1}
12.10.2025 20:38:04 shutdown: Остановка приложения
12.10.2025 20:38:04 shutdown: Log корректно завершён
12.10.2025 20:38:08 startup: lifespan: startup начат
12.10.2025 20:38:08 startup: База инициализирована
12.10.2025 20:38:08 startup: Base добавлен в app.state
12.10.2025 20:38:08 startup: Async Log инициализирован
12.10.2025 20:38:08 auth: Токен проверен: admin
12.10.2025 20:38:08 dialog_step: START step(): {'client_id': 1, 'user_input': 'Привет'}
12.10.2025 20:38:08 lead: Лид загружен: {'id': 1}
12.10.2025 20:38:08 dialog: ERROR: Ошибка при обработке шага диалога: '"model_answer"': {'client_id': 1}
12.10.2025 20:38:38 shutdown: Остановка приложения
12.10.2025 20:38:38 shutdown: Log корректно завершён
12.10.2025 20:38:42 startup: lifespan: startup начат
12.10.2025 20:38:42 startup: База инициализирована
12.10.2025 20:38:42 startup: Base добавлен в app.state
12.10.2025 20:38:42 startup: Async Log инициализирован
12.10.2025 20:38:43 auth: Токен проверен: admin
12.10.2025 20:38:43 dialog_step: START step(): {'client_id': 1, 'user_input': 'Привет'}
12.10.2025 20:38:43 lead: Лид загружен: {'id': 1}
12.10.2025 20:38:43 dialog: ERROR: Ошибка при обработке шага диалога: '"model_answer"': {'client_id': 1}
12.10.2025 20:40:03 shutdown: Остановка приложения
12.10.2025 20:40:03 shutdown: Log корректно завершён
12.10.2025 20:40:06 startup: lifespan: startup начат
12.10.2025 20:40:06 startup: База инициализирована
12.10.2025 20:40:07 startup: Base добавлен в app.state
12.10.2025 20:40:07 startup: Async Log инициализирован
12.10.2025 20:40:08 auth: Токен проверен: admin
12.10.2025 20:40:08 dialog_step: START step(): {'client_id': 1, 'user_input': 'Привет'}
12.10.2025 20:40:08 lead: Лид загружен: {'id': 1}
12.10.2025 20:40:08 dialog: ERROR: Ошибка при обработке шага диалога: '"model_answer"': {'client_id': 1}
12.10.2025 20:40:50 shutdown: Остановка приложения
12.10.2025 20:40:50 shutdown: Log корректно завершён
12.10.2025 20:40:54 startup: lifespan: startup начат
12.10.2025 20:40:54 startup: База инициализирована
12.10.2025 20:40:55 startup: Base добавлен в app.state
12.10.2025 20:40:55 startup: Async Log инициализирован
12.10.2025 20:40:56 auth: Токен проверен: admin
12.10.2025 20:40:56 dialog_step: START step(): {'client_id': 1, 'user_input': 'Привет'}
12.10.2025 20:40:56 lead: Лид загружен: {'id': 1}
12.10.2025 20:40:56 dialog: ERROR: Ошибка при обработке шага диалога: '"model_answer"': {'client_id': 1}
12.10.2025 20:42:46 shutdown: Остановка приложения
12.10.2025 20:42:46 shutdown: Log корректно завершён
12.10.2025 20:42:50 startup: lifespan: startup начат
12.10.2025 20:42:50 startup: База инициализирована
12.10.2025 20:42:51 startup: Base добавлен в app.state
12.10.2025 20:42:51 startup: Async Log инициализирован
12.10.2025 20:42:52 auth: Токен проверен: admin
12.10.2025 20:42:52 dialog_step: START step(): {'client_id': 1, 'user_input': 'Привет'}
12.10.2025 20:42:52 lead: Лид загружен: {'id': 1}
12.10.2025 20:42:52 hello_stage: Сформирован промпт приветствия: {'step': None, 'client_id': 1}
12.10.2025 20:42:52 dispatcher: Выбранный агент: hello: {'client_id': 1}
12.10.2025 20:42:54 dialog_step: Добавлен контекст из базы: {'chunks_count': 3}
12.10.2025 20:42:58 lead: Лид обновлён: {'id': 1}
12.10.2025 20:42:58 dialog_step: Ассистентский ответ добавлен и сохранён: {'assistant_text': 'Здравствуйте! Я — ваш виртуальный помощник Relaxio. Готов рассказать о наших креслах. Вы уже присматривались к массажным креслам или только начинаете?'}
12.10.2025 20:42:58 dialog_step: END step(): {'result': 'Здравствуйте! Я — ваш виртуальный помощник Relaxio. Готов рассказать о наших креслах. Вы уже присматривались к массажным креслам или только начинаете?'}
12.10.2025 20:42:58 dialog: Шаг диалога обработан: {'client_id': 1}
12.10.2025 20:59:03 auth: WARNING: Токен истёк
12.10.2025 20:59:12 auth: Токен выдан успешно: {'username': 'admin'}
12.10.2025 20:59:15 auth: Токен проверен: admin
12.10.2025 20:59:15 lead: Лид загружен: {'id': 1}
12.10.2025 20:59:15 lead: Лид обновлён: {'id': 1}
12.10.2025 20:59:15 dialog: Лид очищен: {'lead_id': 1}
12.10.2025 20:59:15 dialog: История диалога очищена: {'client_id': 1}
12.10.2025 20:59:56 auth: Токен проверен: admin
12.10.2025 20:59:56 dialog_step: START step(): {'client_id': 1, 'user_input': 'Привет'}
12.10.2025 20:59:56 lead: Лид загружен: {'id': 1}
12.10.2025 20:59:56 hello_stage: Сформирован промпт приветствия: {'step': 0, 'client_id': 1}
12.10.2025 20:59:56 dispatcher: Выбранный агент: hello: {'client_id': 1}
12.10.2025 20:59:57 dialog_step: Добавлен контекст из базы: {'chunks_count': 3}
12.10.2025 21:00:00 lead: Лид обновлён: {'id': 1}
12.10.2025 21:00:00 dialog_step: Ассистентский ответ добавлен и сохранён: {'assistant_text': 'Здравствуйте! Я — ваш виртуальный помощник Relaxio. Готов рассказать о наших креслах. Вы уже присматривались к массажным креслам или только начинаете?'}
12.10.2025 21:00:00 dialog_step: END step(): {'result': 'Здравствуйте! Я — ваш виртуальный помощник Relaxio. Готов рассказать о наших креслах. Вы уже присматривались к массажным креслам или только начинаете?'}
12.10.2025 21:00:00 dialog: Шаг диалога обработан: {'client_id': 1}
12.10.2025 21:01:14 auth: Токен проверен: admin
12.10.2025 21:01:14 dialog_step: START step(): {'client_id': 1, 'user_input': 'Привет'}
12.10.2025 21:01:14 lead: Лид загружен: {'id': 1}
12.10.2025 21:01:14 hello_stage: Сформирован промпт приветствия: {'step': 0, 'client_id': 1}
12.10.2025 21:01:14 dispatcher: Выбранный агент: hello: {'client_id': 1}
12.10.2025 21:01:15 dialog_step: Добавлен контекст из базы: {'chunks_count': 3}
12.10.2025 21:01:18 lead: Лид обновлён: {'id': 1}
12.10.2025 21:01:18 dialog_step: Ассистентский ответ добавлен и сохранён: {'assistant_text': 'Здравствуйте! Я — ваш виртуальный помощник Relaxio. Готов рассказать о наших креслах. Вы уже присматривались к массажным креслам или только начинаете?'}
12.10.2025 21:01:18 dialog_step: END step(): {'result': 'Здравствуйте! Я — ваш виртуальный помощник Relaxio. Готов рассказать о наших креслах. Вы уже присматривались к массажным креслам или только начинаете?'}
12.10.2025 21:01:18 dialog: Шаг диалога обработан: {'client_id': 1}
12.10.2025 21:01:30 auth: Токен проверен: admin
12.10.2025 21:01:30 dialog_step: START step(): {'client_id': 1, 'user_input': 'Присматриваюсь'}
12.10.2025 21:01:30 lead: Лид загружен: {'id': 1}
12.10.2025 21:01:30 hello_stage: Сформирован промпт приветствия: {'step': 0, 'client_id': 1}
12.10.2025 21:01:31 dispatcher: Выбранный агент: hello: {'client_id': 1}
12.10.2025 21:01:31 dialog_step: Добавлен контекст из базы: {'chunks_count': 3}
12.10.2025 21:01:34 lead: Лид обновлён: {'id': 1}
12.10.2025 21:01:34 dialog_step: Ассистентский ответ добавлен и сохранён: {'assistant_text': 'Отлично! Массажные кресла — это ваш персональный спа-салон дома. Вам важнее комфорт и мягкая обивка или терапевтические функции, такие как вибрация и прогрев?'}
12.10.2025 21:01:34 dialog_step: END step(): {'result': 'Отлично! Массажные кресла — это ваш персональный спа-салон дома. Вам важнее комфорт и мягкая обивка или терапевтические функции, такие как вибрация и прогрев?'}
12.10.2025 21:01:34 dialog: Шаг диалога обработан: {'client_id': 1}
12.10.2025 21:01:50 auth: Токен проверен: admin
12.10.2025 21:01:50 dialog_step: START step(): {'client_id': 1, 'user_input': 'Комфорт'}
12.10.2025 21:01:50 lead: Лид загружен: {'id': 1}
12.10.2025 21:01:50 hello_stage: Сформирован промпт приветствия: {'step': 1, 'client_id': 1}
12.10.2025 21:01:50 dispatcher: Выбранный агент: hello: {'client_id': 1}
12.10.2025 21:01:50 dialog_step: Добавлен контекст из базы: {'chunks_count': 3}
12.10.2025 21:01:54 lead: Лид обновлён: {'id': 1}
12.10.2025 21:01:54 dialog_step: Ассистентский ответ добавлен и сохранён: {'assistant_text': 'Понял, вам важен комфорт. Представьте, как кресло мягко обнимает вас, снимая напряжение и возвращая энергию. Массажное кресло — это не просто предмет, а ваш личный уголок для расслабления и заботы о себе. Хотите узнать больше о функциях, которые обеспечивают этот комфорт?'}
12.10.2025 21:01:54 dialog_step: END step(): {'result': 'Понял, вам важен комфорт. Представьте, как кресло мягко обнимает вас, снимая напряжение и возвращая энергию. Массажное кресло — это не просто предмет, а ваш личный уголок для расслабления и заботы о себе. Хотите узнать больше о функциях, которые обеспечивают этот комфорт?'}
12.10.2025 21:01:54 dialog: Шаг диалога обработан: {'client_id': 1}
12.10.2025 21:02:40 auth: Токен проверен: admin
12.10.2025 21:02:40 dialog_step: START step(): {'client_id': 1, 'user_input': 'Да'}
12.10.2025 21:02:40 lead: Лид загружен: {'id': 1}
12.10.2025 21:02:41 consultant_stage: Контекст из базы добавлен: {'chunks_count': 3}
12.10.2025 21:02:41 consultant_stage: Сформирована инструкция для консультанта: {'client_id': 1}
12.10.2025 21:02:41 dispatcher: Выбранный агент: consultant: {'client_id': 1}
12.10.2025 21:02:42 dialog_step: Добавлен контекст из базы: {'chunks_count': 3}
12.10.2025 21:02:46 lead: Лид обновлён: {'id': 1}
12.10.2025 21:02:46 dialog_step: Ассистентский ответ добавлен и сохранён: {'assistant_text': 'Наши массажные кресла предлагают множество функций, направленных на ваше расслабление. Например, модели с функцией прогрева не только расслабляют мышцы, но и улучшают кровообращение. Также есть кресла, которые обеспечивают глубокий массаж с использованием технологии 3D-массажа, что создает эффект ручного массажа. Эти функции действительно помогут забыть о стрессе и усталости, превратив ваш дом в личный оазис комфорта. Если вы хотите, я могу порекомендовать конкретные модели, исходя из ваших предпочтений.'}
12.10.2025 21:02:46 dialog_step: END step(): {'result': 'Наши массажные кресла предлагают множество функций, направленных на ваше расслабление. Например, модели с функцией прогрева не только расслабляют мышцы, но и улучшают кровообращение. Также есть кресла, которые обеспечивают глубокий массаж с использованием технологии 3D-массажа, что создает эффект ручного массажа. Эти функции действительно помогут забыть о стрессе и усталости, превратив ваш дом в личный оазис комфорта. Если вы хотите, я могу порекомендовать конкретные модели, исходя из ваших предпочтений.'}
12.10.2025 21:02:46 dialog: Шаг диалога обработан: {'client_id': 1}
12.10.2025 21:02:54 auth: Токен проверен: admin
12.10.2025 21:02:54 dialog_step: START step(): {'client_id': 1, 'user_input': 'Да'}
12.10.2025 21:02:54 lead: Лид загружен: {'id': 1}
12.10.2025 21:02:54 consultant_stage: Контекст из базы добавлен: {'chunks_count': 3}
12.10.2025 21:02:54 consultant_stage: Сформирована инструкция для консультанта: {'client_id': 1}
12.10.2025 21:02:54 dispatcher: Выбранный агент: consultant: {'client_id': 1}
12.10.2025 21:02:55 dialog_step: Добавлен контекст из базы: {'chunks_count': 3}
12.10.2025 21:03:01 lead: Лид обновлён: {'id': 1}
12.10.2025 21:03:01 dialog_step: Ассистентский ответ добавлен и сохранён: {'assistant_text': 'Рекомендую обратить внимание на модели Relaxio Comfort в сегменте премиум-класса, такие как Relaxio Relax и Relaxio Soft. Эти кресла идеально сочетают в себе комфорт и передовые технологии массажа. Relaxio Relax предлагает многоуровневый массаж, включая глубокий и мягкий массаж шеи и спины, а также функцию прогрева, которая дополнительно расслабляет мышцы.\n\nRelaxio Soft имеет обивку из высококачественной кожи, что обеспечивает невероятное ощущение уюта. Благодаря инновационным механизмам кресло подстраивается под ваши особенности, создавая ощущение, что у вас есть свой личный массажист. \n\nНе стоит откладывать комфорт на потом! Сделайте первый шаг к здоровью и гармонии уже сегодня. Вы заслужили это кресло — просто попробуйте и убедитесь сами, как легко можно снять стресс и угнетение после трудного дня. Забудьте о стрессе и усталости — это ваш личный оазис комфорта, который всегда под рукой.'}
12.10.2025 21:03:01 dialog_step: END step(): {'result': 'Рекомендую обратить внимание на модели Relaxio Comfort в сегменте премиум-класса, такие как Relaxio Relax и Relaxio Soft. Эти кресла идеально сочетают в себе комфорт и передовые технологии массажа. Relaxio Relax предлагает многоуровневый массаж, включая глубокий и мягкий массаж шеи и спины, а также функцию прогрева, которая дополнительно расслабляет мышцы.\n\nRelaxio Soft имеет обивку из высококачественной кожи, что обеспечивает невероятное ощущение уюта. Благодаря инновационным механизмам кресло подстраивается под ваши особенности, создавая ощущение, что у вас есть свой личный массажист. \n\nНе стоит откладывать комфорт на потом! Сделайте первый шаг к здоровью и гармонии уже сегодня. Вы заслужили это кресло — просто попробуйте и убедитесь сами, как легко можно снять стресс и угнетение после трудного дня. Забудьте о стрессе и усталости — это ваш личный оазис комфорта, который всегда под рукой.'}
12.10.2025 21:03:01 dialog: Шаг диалога обработан: {'client_id': 1}
12.10.2025 21:06:57 shutdown: Остановка приложения
12.10.2025 21:06:57 shutdown: Log корректно завершён
12.10.2025 21:07:01 startup: lifespan: startup начат
12.10.2025 21:07:01 startup: База инициализирована
12.10.2025 21:07:02 startup: Base добавлен в app.state
12.10.2025 21:07:02 startup: Async Log инициализирован
12.10.2025 21:07:07 shutdown: Остановка приложения
12.10.2025 21:07:07 shutdown: Log корректно завершён
12.10.2025 21:16:03 startup: Импорты main.py выполнены
12.10.2025 21:16:04 startup: Запуск uvicorn.run
12.10.2025 21:16:06 startup: lifespan: startup начат
12.10.2025 21:16:06 startup: База инициализирована
12.10.2025 21:16:07 startup: Base добавлен в app.state
12.10.2025 21:16:07 startup: Async Log инициализирован
12.10.2025 21:16:48 auth: Токен проверен: admin
12.10.2025 21:16:48 dialog_step: START step(): {'client_id': 1, 'user_input': 'Привет'}
12.10.2025 21:16:48 lead: Лид загружен: {'id': 1}
12.10.2025 21:16:48 dialog_step: : {'step_before': 1}
12.10.2025 21:16:49 consultant_stage: Контекст из базы добавлен: {'chunks_count': 3}
12.10.2025 21:16:49 consultant_stage: Сформирована инструкция для консультанта: {'client_id': 1}
12.10.2025 21:16:49 dispatcher: Выбранный агент: consultant: {'client_id': 1}
12.10.2025 21:16:49 dialog_step: Добавлен контекст из базы: {'chunks_count': 3}
12.10.2025 21:16:56 lead: Лид обновлён: {'id': 1}
12.10.2025 21:16:56 dialog_step: Ассистентский ответ добавлен и сохранён: {'assistant_text': 'Здравствуйте! Как приятно снова вас видеть! Массажные кресла Relaxio Comfort — это идеальное решение для создания уюта и расслабления в вашем доме. Каждое кресло является не только источником невероятного комфорта, но и настоящим символом статуса, ведь они созданы для тех, кто выбирает лучшее из лучших. \n\nРекомендую вам обратить внимание на такие модели, как Relaxio Relax и Relaxio Soft. Эти кресла обладают уникальными функциями, которые обеспечивают высочайший уровень комфорта. \n\nRelaxio Relax предлагает глубокий массаж с возможностью настройки интенсивности, а также функцию прогрева, которая помогает расслабить напряженные мышцы. Relaxio Soft, с другой стороны, требует особого внимания благодаря своей роскошной обивке и инновационному дизайну, что делает его настоящим элементом интерьера. \n\nНе откладывайте комфорт на потом! Начните жить без стресса уже сейчас и подарите себе мгновения истинного наслаждения. Какой из этих аспектов вас интересует больше: технологии массажа or дизайн и материалы?'}
12.10.2025 21:16:56 dialog_step: END step(): {'result': 'Здравствуйте! Как приятно снова вас видеть! Массажные кресла Relaxio Comfort — это идеальное решение для создания уюта и расслабления в вашем доме. Каждое кресло является не только источником невероятного комфорта, но и настоящим символом статуса, ведь они созданы для тех, кто выбирает лучшее из лучших. \n\nРекомендую вам обратить внимание на такие модели, как Relaxio Relax и Relaxio Soft. Эти кресла обладают уникальными функциями, которые обеспечивают высочайший уровень комфорта. \n\nRelaxio Relax предлагает глубокий массаж с возможностью настройки интенсивности, а также функцию прогрева, которая помогает расслабить напряженные мышцы. Relaxio Soft, с другой стороны, требует особого внимания благодаря своей роскошной обивке и инновационному дизайну, что делает его настоящим элементом интерьера. \n\nНе откладывайте комфорт на потом! Начните жить без стресса уже сейчас и подарите себе мгновения истинного наслаждения. Какой из этих аспектов вас интересует больше: технологии массажа or дизайн и материалы?'}
12.10.2025 21:16:56 dialog: Шаг диалога обработан: {'client_id': 1}
12.10.2025 22:18:47 shutdown: Остановка приложения
12.10.2025 22:18:47 shutdown: Log корректно завершён
12.10.2025 22:18:53 startup: lifespan: startup начат
12.10.2025 22:18:53 startup: База инициализирована
12.10.2025 22:18:55 startup: Base добавлен в app.state
12.10.2025 22:18:55 startup: Async Log инициализирован
12.10.2025 22:20:11 shutdown: Остановка приложения
12.10.2025 22:20:11 shutdown: Log корректно завершён
12.10.2025 22:20:14 startup: lifespan: startup начат
12.10.2025 22:20:14 startup: База инициализирована
12.10.2025 22:20:15 startup: Base добавлен в app.state
12.10.2025 22:20:15 startup: Async Log инициализирован
12.10.2025 22:24:24 shutdown: Остановка приложения
12.10.2025 22:24:24 shutdown: Log корректно завершён
12.10.2025 22:24:27 startup: lifespan: startup начат
12.10.2025 22:24:27 startup: База инициализирована
12.10.2025 22:24:28 startup: Base добавлен в app.state
12.10.2025 22:24:28 startup: Async Log инициализирован
12.10.2025 22:25:34 shutdown: Остановка приложения
12.10.2025 22:25:34 shutdown: Log корректно завершён
12.10.2025 22:25:39 startup: Импорты main.py выполнены
12.10.2025 22:25:40 startup: Запуск uvicorn.run
12.10.2025 22:25:42 startup: lifespan: startup начат
12.10.2025 22:25:42 startup: База инициализирована
12.10.2025 22:25:43 startup: Base добавлен в app.state
12.10.2025 22:25:43 startup: Async Log инициализирован
12.10.2025 22:26:02 auth: Токен выдан успешно: {'username': 'admin'}
12.10.2025 22:26:05 auth: Токен проверен: admin
12.10.2025 22:26:05 lead: Лид загружен: {'id': 1}
12.10.2025 22:26:05 lead: Лид обновлён: {'id': 1}
12.10.2025 22:26:05 dialog: Лид очищен: {'lead_id': 1}
12.10.2025 22:26:05 dialog: История диалога очищена: {'client_id': 1}
12.10.2025 22:26:20 auth: Токен проверен: admin
12.10.2025 22:26:20 dialog_step: START step(): {'client_id': 1, 'user_input': 'Привет'}
12.10.2025 22:26:20 lead: Лид загружен: {'id': 1}
12.10.2025 22:26:20 dialog_step: : {'step_before': 0}
12.10.2025 22:26:20 hello_stage: Сформирован промпт приветствия: {'step': 0, 'client_id': 1}
12.10.2025 22:26:20 dispatcher: Выбранный агент: hello: {'client_id': 1}
12.10.2025 22:26:22 dialog_step: Добавлен контекст из базы: {'chunks_count': 3}
12.10.2025 22:26:25 lead: Лид обновлён: {'id': 1}
12.10.2025 22:26:25 dialog_step: Ассистентский ответ добавлен и сохранён: {'assistant_text': 'Здравствуйте! Я — ваш виртуальный помощник Relaxio. Готов познакомить вас с нашими креслами, которые помогут вам расслабиться и улучшить качество жизни. Какие критерии выбора кресла для вас важны?'}
12.10.2025 22:26:25 dialog_step: END step(): {'result': 'Здравствуйте! Я — ваш виртуальный помощник Relaxio. Готов познакомить вас с нашими креслами, которые помогут вам расслабиться и улучшить качество жизни. Какие критерии выбора кресла для вас важны?'}
12.10.2025 22:26:25 dialog: Шаг диалога обработан: {'client_id': 1}
12.10.2025 22:26:36 shutdown: Остановка приложения
12.10.2025 22:26:36 shutdown: Log корректно завершён
12.10.2025 22:27:47 startup: Импорты main.py выполнены
12.10.2025 22:27:47 startup: Запуск uvicorn.run
12.10.2025 22:27:50 startup: lifespan: startup начат
12.10.2025 22:27:50 startup: База инициализирована
12.10.2025 22:27:51 startup: Base добавлен в app.state
12.10.2025 22:27:51 startup: Async Log инициализирован
12.10.2025 22:28:57 shutdown: Остановка приложения
12.10.2025 22:28:57 shutdown: Log корректно завершён
12.10.2025 22:29:00 startup: lifespan: startup начат
12.10.2025 22:29:00 startup: База инициализирована
12.10.2025 22:29:01 startup: Base добавлен в app.state
12.10.2025 22:29:01 startup: Async Log инициализирован
12.10.2025 22:29:22 shutdown: Остановка приложения
12.10.2025 22:29:22 shutdown: Log корректно завершён
12.10.2025 22:29:25 startup: lifespan: startup начат
12.10.2025 22:29:25 startup: База инициализирована
12.10.2025 22:29:26 startup: Base добавлен в app.state
12.10.2025 22:29:26 startup: Async Log инициализирован
12.10.2025 22:29:30 auth: Токен проверен: admin
12.10.2025 22:29:30 lead: Лид загружен: {'id': 1}
12.10.2025 22:29:30 lead: Лид обновлён: {'id': 1}
12.10.2025 22:29:30 dialog: Лид очищен: {'lead_id': 1}
12.10.2025 22:29:30 dialog: История диалога очищена: {'client_id': 1}
12.10.2025 22:30:01 auth: Токен проверен: admin
12.10.2025 22:30:01 dialog_step: START step(): {'client_id': 1, 'user_input': 'Привет'}
12.10.2025 22:30:01 lead: Лид загружен: {'id': 1}
12.10.2025 22:30:01 dialog_step: : {'step_before': 0}
12.10.2025 22:30:01 hello_stage: Сформирован промпт приветствия: {'step': 0, 'client_id': 1}
12.10.2025 22:30:01 dispatcher: Выбранный агент: hello: {'client_id': 1}
12.10.2025 22:30:03 dialog_step: Добавлен контекст из базы: {'chunks_count': 3}
12.10.2025 22:30:05 lead: Лид обновлён: {'id': 1}
12.10.2025 22:30:05 dialog_step: Ассистентский ответ добавлен и сохранён: {'assistant_text': 'Здравствуйте! Я — ваш виртуальный помощник Relaxio. Готов познакомить вас с нашими креслами и помочь выбрать то, что вам нужно.'}
12.10.2025 22:30:05 dialog_step: END step(): {'result': 'Здравствуйте! Я — ваш виртуальный помощник Relaxio. Готов познакомить вас с нашими креслами и помочь выбрать то, что вам нужно.'}
12.10.2025 22:30:05 dialog: Шаг диалога обработан: {'client_id': 1}
12.10.2025 22:30:25 shutdown: Остановка приложения
12.10.2025 22:30:25 shutdown: Log корректно завершён
12.10.2025 22:34:28 startup: Импорты main.py выполнены
12.10.2025 22:34:28 startup: Запуск uvicorn.run
12.10.2025 22:34:31 startup: lifespan: startup начат
12.10.2025 22:34:31 startup: База инициализирована
12.10.2025 22:34:32 startup: Base добавлен в app.state
12.10.2025 22:34:32 startup: Async Log инициализирован
12.10.2025 22:35:20 auth: Токен выдан успешно: {'username': 'admin'}
12.10.2025 22:35:25 auth: Токен проверен: admin
12.10.2025 22:35:25 lead: Лид загружен: {'id': 1}
12.10.2025 22:35:25 lead: Лид обновлён: {'id': 1}
12.10.2025 22:35:25 dialog: Лид очищен: {'lead_id': 1}
12.10.2025 22:35:25 dialog: История диалога очищена: {'client_id': 1}
12.10.2025 22:35:34 auth: Токен проверен: admin
12.10.2025 22:35:34 dialog_step: START step(): {'client_id': 1, 'user_input': 'Привет'}
12.10.2025 22:35:34 lead: Лид загружен: {'id': 1}
12.10.2025 22:35:34 dialog_step: : {'step_before': 0}
12.10.2025 22:35:34 hello_stage: Сформирован промпт приветствия: {'step': 0, 'client_id': 1}
12.10.2025 22:35:34 dispatcher: Выбранный агент: hello: {'client_id': 1}
12.10.2025 22:35:35 dialog_step: Добавлен контекст из базы: {'chunks_count': 3}
12.10.2025 22:35:37 lead: Лид обновлён: {'id': 1}
12.10.2025 22:35:37 dialog_step: Ассистентский ответ добавлен и сохранён: {'assistant_text': 'Здравствуйте! Я — ваш виртуальный помощник Relaxio. Готов познакомить вас с нашими креслами. Каковы ваши предпочтения при выборе кресла для отдыха?'}
12.10.2025 22:35:37 dialog_step: END step(): {'result': 'Здравствуйте! Я — ваш виртуальный помощник Relaxio. Готов познакомить вас с нашими креслами. Каковы ваши предпочтения при выборе кресла для отдыха?'}
12.10.2025 22:35:37 dialog: Шаг диалога обработан: {'client_id': 1}
12.10.2025 22:38:49 shutdown: Остановка приложения
12.10.2025 22:38:49 shutdown: Log корректно завершён
12.10.2025 22:38:55 startup: Импорты main.py выполнены
12.10.2025 22:38:55 startup: Запуск uvicorn.run
12.10.2025 22:38:58 startup: lifespan: startup начат
12.10.2025 22:38:58 startup: База инициализирована
12.10.2025 22:38:59 startup: Base добавлен в app.state
12.10.2025 22:38:59 startup: Async Log инициализирован
12.10.2025 22:41:10 auth: Токен проверен: admin
12.10.2025 22:41:10 dialog_step: START step(): {'client_id': 1, 'user_input': 'Привет'}
12.10.2025 22:41:10 lead: Лид загружен: {'id': 1}
12.10.2025 22:41:10 dialog_step: : {'step_before': 1}
12.10.2025 22:41:10 hello_stage: Сформирован промпт приветствия: {'step': 1, 'client_id': 1}
12.10.2025 22:41:10 dispatcher: Выбранный агент: hello: {'client_id': 1}
12.10.2025 22:41:11 dialog_step: Добавлен контекст из базы: {'chunks_count': 3}
12.10.2025 22:41:15 lead: Лид обновлён: {'id': 1}
12.10.2025 22:41:15 dialog_step: Ассистентский ответ добавлен и сохранён: {'assistant_text': 'Здравствуйте! Я — ваш виртуальный помощник Relaxio. Готов познакомить вас с нашими креслами. Каковы ваши предпочтения при выборе кресла для отдыха?'}
12.10.2025 22:41:15 dialog_step: END step(): {'result': 'Здравствуйте! Я — ваш виртуальный помощник Relaxio. Готов познакомить вас с нашими креслами. Каковы ваши предпочтения при выборе кресла для отдыха?'}
12.10.2025 22:41:15 dialog: Шаг диалога обработан: {'client_id': 1}
12.10.2025 22:41:58 shutdown: Остановка приложения
12.10.2025 22:41:58 shutdown: Log корректно завершён
12.10.2025 22:42:13 startup: Импорты main.py выполнены
12.10.2025 22:42:13 startup: Запуск uvicorn.run
12.10.2025 22:42:16 startup: lifespan: startup начат
12.10.2025 22:42:16 startup: База инициализирована
12.10.2025 22:42:17 startup: Base добавлен в app.state
12.10.2025 22:42:17 startup: Async Log инициализирован
12.10.2025 22:42:28 auth: Токен проверен: admin
12.10.2025 22:42:28 dialog_step: START step(): {'client_id': 1, 'user_input': 'Привет'}
12.10.2025 22:42:28 lead: Лид загружен: {'id': 1}
12.10.2025 22:42:28 dialog_step: : {'step_before': 0}
12.10.2025 22:42:28 hello_stage: Сформирован промпт приветствия: {'step': 0, 'client_id': 1}
12.10.2025 22:42:28 dispatcher: Выбранный агент: hello: {'client_id': 1}
12.10.2025 22:42:29 dialog_step: Добавлен контекст из базы: {'chunks_count': 3}
12.10.2025 22:42:32 lead: Лид обновлён: {'id': 1}
12.10.2025 22:42:32 dialog_step: Ассистентский ответ добавлен и сохранён: {'assistant_text': 'Здравствуйте! Я — ваш виртуальный помощник Relaxio. Готов познакомить вас с нашими креслами. Каковы ваши предпочтения при выборе кресла для отдыха?'}
12.10.2025 22:42:32 dialog_step: END step(): {'result': 'Здравствуйте! Я — ваш виртуальный помощник Relaxio. Готов познакомить вас с нашими креслами. Каковы ваши предпочтения при выборе кресла для отдыха?'}
12.10.2025 22:42:32 dialog: Шаг диалога обработан: {'client_id': 1}
12.10.2025 22:43:19 shutdown: Остановка приложения
12.10.2025 22:43:19 shutdown: Log корректно завершён
12.10.2025 22:43:35 startup: Импорты main.py выполнены
12.10.2025 22:43:35 startup: Запуск uvicorn.run
12.10.2025 22:43:38 startup: lifespan: startup начат
12.10.2025 22:43:38 startup: База инициализирована
12.10.2025 22:43:39 startup: Base добавлен в app.state
12.10.2025 22:43:39 startup: Async Log инициализирован
12.10.2025 22:44:16 shutdown: Остановка приложения
12.10.2025 22:44:16 shutdown: Log корректно завершён
12.10.2025 22:45:38 startup: lifespan: startup начат
12.10.2025 22:45:38 startup: База инициализирована
12.10.2025 22:45:39 startup: Base добавлен в app.state
12.10.2025 22:45:39 startup: Async Log инициализирован
12.10.2025 22:45:41 shutdown: Остановка приложения
12.10.2025 22:45:41 shutdown: Log корректно завершён
12.10.2025 22:46:02 startup: Импорты main.py выполнены
12.10.2025 22:46:03 startup: Запуск uvicorn.run
12.10.2025 22:46:05 startup: lifespan: startup начат
12.10.2025 22:46:05 startup: База инициализирована
12.10.2025 22:46:06 startup: Base добавлен в app.state
12.10.2025 22:46:06 startup: Async Log инициализирован
12.10.2025 22:46:45 shutdown: Остановка приложения
12.10.2025 22:46:45 shutdown: Log корректно завершён
12.10.2025 22:46:49 startup: lifespan: startup начат
12.10.2025 22:46:49 startup: База инициализирована
12.10.2025 22:46:49 startup: Base добавлен в app.state
12.10.2025 22:46:49 startup: Async Log инициализирован
12.10.2025 22:46:55 shutdown: Остановка приложения
12.10.2025 22:46:55 shutdown: Log корректно завершён
12.10.2025 22:49:10 startup: Импорты main.py выполнены
12.10.2025 22:49:11 startup: Запуск uvicorn.run
12.10.2025 22:49:13 startup: lifespan: startup начат
12.10.2025 22:49:13 startup: База инициализирована
12.10.2025 22:49:14 startup: Base добавлен в app.state
12.10.2025 22:49:14 startup: Async Log инициализирован
12.10.2025 22:49:21 auth: Токен выдан успешно: {'username': 'admin'}
12.10.2025 22:49:23 auth: Токен проверен: admin
12.10.2025 22:49:23 lead: Лид загружен: {'id': 1}
12.10.2025 22:49:23 lead: Лид обновлён: {'id': 1}
12.10.2025 22:49:23 dialog: Лид очищен: {'lead_id': 1}
12.10.2025 22:49:23 dialog: История диалога очищена: {'client_id': 1}
12.10.2025 22:49:31 auth: Токен проверен: admin
12.10.2025 22:49:31 dialog_step: START step(): {'client_id': 1, 'user_input': 'Привет'}
12.10.2025 22:49:31 lead: Лид загружен: {'id': 1}
12.10.2025 22:49:31 dialog_step: : {'step_before': 0}
12.10.2025 22:49:31 hello_stage: Сформирован промпт приветствия: {'step': 0, 'client_id': 1}
12.10.2025 22:49:31 dispatcher: Выбранный агент: hello: {'client_id': 1}
12.10.2025 22:49:32 dialog_step: Добавлен контекст из базы: {'chunks_count': 3}
12.10.2025 22:49:34 dialog_step: : {'step_after': 1, 'motive': ''}
12.10.2025 22:49:34 lead: Лид обновлён: {'id': 1}
12.10.2025 22:49:34 dialog_step: Ассистентский ответ добавлен и сохранён: {'assistant_text': 'Здравствуйте! Я — ваш виртуальный помощник Relaxio. Готов познакомить вас с нашими креслами, которые помогут вам расслабиться и восстановить силы. Какой критерий выбора для вас наиболее важен: комфорт, здоровье или цена?'}
12.10.2025 22:49:34 dialog_step: END step(): {'result': 'Здравствуйте! Я — ваш виртуальный помощник Relaxio. Готов познакомить вас с нашими креслами, которые помогут вам расслабиться и восстановить силы. Какой критерий выбора для вас наиболее важен: комфорт, здоровье или цена?'}
12.10.2025 22:49:34 dialog: Шаг диалога обработан: {'client_id': 1}
12.10.2025 22:50:58 shutdown: Остановка приложения
12.10.2025 22:50:58 shutdown: Log корректно завершён
12.10.2025 22:51:02 startup: lifespan: startup начат
12.10.2025 22:51:02 startup: База инициализирована
12.10.2025 22:51:03 startup: Base добавлен в app.state
12.10.2025 22:51:03 startup: Async Log инициализирован
12.10.2025 22:51:03 auth: Токен проверен: admin
12.10.2025 22:51:03 lead: Лид загружен: {'id': 1}
12.10.2025 22:51:03 lead: Лид обновлён: {'id': 1}
12.10.2025 22:51:03 dialog: Лид очищен: {'lead_id': 1}
12.10.2025 22:51:03 dialog: История диалога очищена: {'client_id': 1}
12.10.2025 22:51:12 auth: Токен проверен: admin
12.10.2025 22:51:12 dialog_step: START step(): {'client_id': 1, 'user_input': 'Привет'}
12.10.2025 22:51:12 lead: Лид загружен: {'id': 1}
12.10.2025 22:51:12 dialog_step: : {'step_before': 0}
12.10.2025 22:51:12 dialog_step: : {'user': 'Привет'}
12.10.2025 22:51:12 hello_stage: Сформирован промпт приветствия: {'step': 0, 'client_id': 1}
12.10.2025 22:51:12 dispatcher: Выбранный агент: hello: {'client_id': 1}
12.10.2025 22:51:13 dialog_step: Добавлен контекст из базы: {'chunks_count': 3}
12.10.2025 22:51:15 dialog_step: : {'step_after': 1, 'motive': ''}
12.10.2025 22:51:15 dialog: ERROR: Ошибка при обработке шага диалога: 'Lead' object has no attribute 'model_answer': {'client_id': 1}
12.10.2025 22:51:40 shutdown: Остановка приложения
12.10.2025 22:51:40 shutdown: Log корректно завершён
12.10.2025 22:51:44 startup: lifespan: startup начат
12.10.2025 22:51:44 startup: База инициализирована
12.10.2025 22:51:45 startup: Base добавлен в app.state
12.10.2025 22:51:45 startup: Async Log инициализирован
12.10.2025 22:51:48 auth: Токен проверен: admin
12.10.2025 22:51:48 dialog_step: START step(): {'client_id': 1, 'user_input': 'Привет'}
12.10.2025 22:51:48 lead: Лид загружен: {'id': 1}
12.10.2025 22:51:48 dialog_step: : {'step_before': 0}
12.10.2025 22:51:48 dialog_step: : {'user': 'Привет'}
12.10.2025 22:51:48 hello_stage: Сформирован промпт приветствия: {'step': 0, 'client_id': 1}
12.10.2025 22:51:48 dispatcher: Выбранный агент: hello: {'client_id': 1}
12.10.2025 22:51:49 dialog_step: Добавлен контекст из базы: {'chunks_count': 3}
12.10.2025 22:51:51 dialog_step: : {'step_after': 1, 'motive': ''}
12.10.2025 22:51:51 dialog_step: : {'model': 'Здравствуйте! Я — ваш виртуальный помощник Relaxio. Готов познакомить вас с нашими креслами. Чем вас заинтересовало наше предложение?'}
12.10.2025 22:51:51 lead: Лид обновлён: {'id': 1}
12.10.2025 22:51:51 dialog_step: Ассистентский ответ добавлен и сохранён: {'assistant_text': 'Здравствуйте! Я — ваш виртуальный помощник Relaxio. Готов познакомить вас с нашими креслами. Чем вас заинтересовало наше предложение?'}
12.10.2025 22:51:51 dialog_step: END step(): {'result': 'Здравствуйте! Я — ваш виртуальный помощник Relaxio. Готов познакомить вас с нашими креслами. Чем вас заинтересовало наше предложение?'}
12.10.2025 22:51:51 dialog: Шаг диалога обработан: {'client_id': 1}
12.10.2025 22:52:06 auth: Токен проверен: admin
12.10.2025 22:52:06 dialog_step: START step(): {'client_id': 1, 'user_input': 'Ищу кресло для работы за компьютером'}
12.10.2025 22:52:06 lead: Лид загружен: {'id': 1}
12.10.2025 22:52:06 dialog_step: : {'step_before': 1}
12.10.2025 22:52:06 dialog_step: : {'user': 'Ищу кресло для работы за компьютером'}
12.10.2025 22:52:06 hello_stage: Сформирован промпт приветствия: {'step': 1, 'client_id': 1}
12.10.2025 22:52:06 dispatcher: Выбранный агент: hello: {'client_id': 1}
12.10.2025 22:52:07 dialog_step: Добавлен контекст из базы: {'chunks_count': 3}
12.10.2025 22:52:09 dialog_step: : {'step_after': 1, 'motive': ''}
12.10.2025 22:52:09 dialog_step: : {'model': 'Понимаю, вам нужно удобное кресло для работы за компьютером. Какие важные характеристики вас интересуют: эргономика, материалы, цена или что-то другое?'}
12.10.2025 22:52:09 lead: Лид обновлён: {'id': 1}
12.10.2025 22:52:09 dialog_step: Ассистентский ответ добавлен и сохранён: {'assistant_text': 'Понимаю, вам нужно удобное кресло для работы за компьютером. Какие важные характеристики вас интересуют: эргономика, материалы, цена или что-то другое?'}
12.10.2025 22:52:09 dialog_step: END step(): {'result': 'Понимаю, вам нужно удобное кресло для работы за компьютером. Какие важные характеристики вас интересуют: эргономика, материалы, цена или что-то другое?'}
12.10.2025 22:52:09 dialog: Шаг диалога обработан: {'client_id': 1}
12.10.2025 22:52:20 auth: Токен проверен: admin
12.10.2025 22:52:20 dialog_step: START step(): {'client_id': 1, 'user_input': 'Цена и комфорт'}
12.10.2025 22:52:20 lead: Лид загружен: {'id': 1}
12.10.2025 22:52:20 dialog_step: : {'step_before': 1}
12.10.2025 22:52:20 dialog_step: : {'user': 'Цена и комфорт'}
12.10.2025 22:52:20 hello_stage: Сформирован промпт приветствия: {'step': 1, 'client_id': 1}
12.10.2025 22:52:20 dispatcher: Выбранный агент: hello: {'client_id': 1}
12.10.2025 22:52:21 dialog_step: Добавлен контекст из базы: {'chunks_count': 3}
12.10.2025 22:52:22 dialog_step: : {'step_after': 1, 'motive': ''}
12.10.2025 22:52:22 dialog_step: : {'model': 'Понятно, вас интересует сочетание цены и комфорта. Могу узнать, какой диапазон цен вам подходит и какой уровень комфорта вы предпочитаете?'}
12.10.2025 22:52:22 lead: Лид обновлён: {'id': 1}
12.10.2025 22:52:22 dialog_step: Ассистентский ответ добавлен и сохранён: {'assistant_text': 'Понятно, вас интересует сочетание цены и комфорта. Могу узнать, какой диапазон цен вам подходит и какой уровень комфорта вы предпочитаете?'}
12.10.2025 22:52:22 dialog_step: END step(): {'result': 'Понятно, вас интересует сочетание цены и комфорта. Могу узнать, какой диапазон цен вам подходит и какой уровень комфорта вы предпочитаете?'}
12.10.2025 22:52:22 dialog: Шаг диалога обработан: {'client_id': 1}
12.10.2025 22:52:46 auth: Токен проверен: admin
12.10.2025 22:52:46 dialog_step: START step(): {'client_id': 1, 'user_input': 'Низкие цены повышенный комфорт'}
12.10.2025 22:52:46 lead: Лид загружен: {'id': 1}
12.10.2025 22:52:46 dialog_step: : {'step_before': 1}
12.10.2025 22:52:46 dialog_step: : {'user': 'Низкие цены повышенный комфорт'}
12.10.2025 22:52:46 hello_stage: Сформирован промпт приветствия: {'step': 1, 'client_id': 1}
12.10.2025 22:52:46 dispatcher: Выбранный агент: hello: {'client_id': 1}
12.10.2025 22:52:47 dialog_step: Добавлен контекст из базы: {'chunks_count': 3}
12.10.2025 22:52:49 dialog_step: : {'step_after': 2, 'motive': ''}
12.10.2025 22:52:49 dialog_step: : {'model': 'Вы ищете кресло с низкой ценой и повышенным комфортом — это отличный выбор! Могу предложить модели, которые подходят под ваши критерии. Вам важно что-то определенное по дизайну или функциональности?'}
12.10.2025 22:52:49 lead: Лид обновлён: {'id': 1}
12.10.2025 22:52:49 dialog_step: Ассистентский ответ добавлен и сохранён: {'assistant_text': 'Вы ищете кресло с низкой ценой и повышенным комфортом — это отличный выбор! Могу предложить модели, которые подходят под ваши критерии. Вам важно что-то определенное по дизайну или функциональности?'}
12.10.2025 22:52:49 dialog_step: END step(): {'result': 'Вы ищете кресло с низкой ценой и повышенным комфортом — это отличный выбор! Могу предложить модели, которые подходят под ваши критерии. Вам важно что-то определенное по дизайну или функциональности?'}
12.10.2025 22:52:49 dialog: Шаг диалога обработан: {'client_id': 1}
12.10.2025 22:53:12 auth: Токен проверен: admin
12.10.2025 22:53:12 dialog_step: START step(): {'client_id': 1, 'user_input': 'Просто кресло для компьютера'}
12.10.2025 22:53:12 lead: Лид загружен: {'id': 1}
12.10.2025 22:53:12 dialog_step: : {'step_before': 2}
12.10.2025 22:53:12 dialog_step: : {'user': 'Просто кресло для компьютера'}
12.10.2025 22:53:12 hello_stage: Сформирован промпт приветствия: {'step': 2, 'client_id': 1}
12.10.2025 22:53:12 dispatcher: Выбранный агент: hello: {'client_id': 1}
12.10.2025 22:53:13 dialog_step: Добавлен контекст из базы: {'chunks_count': 3}
12.10.2025 22:53:14 dialog_step: : {'step_after': 2, 'motive': 'комфорт'}
12.10.2025 22:53:14 dialog_step: : {'model': 'Понял, вам нужно просто кресло для компьютера, которое будет удобным и доступным по цене. Я помогу найти подходящие варианты.'}
12.10.2025 22:53:14 lead: Лид обновлён: {'id': 1}
12.10.2025 22:53:14 dialog_step: Ассистентский ответ добавлен и сохранён: {'assistant_text': 'Понял, вам нужно просто кресло для компьютера, которое будет удобным и доступным по цене. Я помогу найти подходящие варианты.'}
12.10.2025 22:53:14 dialog_step: END step(): {'result': 'Понял, вам нужно просто кресло для компьютера, которое будет удобным и доступным по цене. Я помогу найти подходящие варианты.'}
12.10.2025 22:53:14 dialog: Шаг диалога обработан: {'client_id': 1}
12.10.2025 22:53:43 auth: Токен проверен: admin
12.10.2025 22:53:43 dialog_step: START step(): {'client_id': 1, 'user_input': 'Спасибо'}
12.10.2025 22:53:43 lead: Лид загружен: {'id': 1}
12.10.2025 22:53:43 dialog_step: : {'step_before': 2}
12.10.2025 22:53:43 dialog_step: : {'user': 'Спасибо'}
12.10.2025 22:53:44 consultant_stage: Контекст из базы добавлен: {'chunks_count': 3}
12.10.2025 22:53:44 consultant_stage: Сформирована инструкция для консультанта: {'client_id': 1}
12.10.2025 22:53:44 dispatcher: Выбранный агент: consultant: {'client_id': 1}
12.10.2025 22:53:45 dialog_step: Добавлен контекст из базы: {'chunks_count': 3}
12.10.2025 22:53:49 dialog_step: : {'step_after': 1, 'motive': 'Ваш персональный спа-салон дома. Теперь расслабление всегда под рукой.'}
12.10.2025 22:53:49 dialog_step: : {'model': 'Спасибо за ваш интерес! Для работы за компьютером я рекомендую обратить внимание на наши массажные кресла, которые предлагают высокий уровень комфорта по приемлемым ценам. Например, модель Relaxio Comfort Max идеально подходит для длительного сидения благодаря своей эргономичной форме и нескольким режимам массажа. Она поможет вам расслабиться и забыть о напряжении после рабочего дня. Помните, что вы заслуживаете отдых и заботу о себе, поэтому подумайте о приобретении такого кресла — это ваш личный оазис комфорта, который всегда под рукой. Если вы хотите, я могу предложить вам несколько других моделей для сравнения.'}
12.10.2025 22:53:49 lead: Лид обновлён: {'id': 1}
12.10.2025 22:53:49 dialog_step: Ассистентский ответ добавлен и сохранён: {'assistant_text': 'Спасибо за ваш интерес! Для работы за компьютером я рекомендую обратить внимание на наши массажные кресла, которые предлагают высокий уровень комфорта по приемлемым ценам. Например, модель Relaxio Comfort Max идеально подходит для длительного сидения благодаря своей эргономичной форме и нескольким режимам массажа. Она поможет вам расслабиться и забыть о напряжении после рабочего дня. Помните, что вы заслуживаете отдых и заботу о себе, поэтому подумайте о приобретении такого кресла — это ваш личный оазис комфорта, который всегда под рукой. Если вы хотите, я могу предложить вам несколько других моделей для сравнения.'}
12.10.2025 22:53:49 dialog_step: END step(): {'result': 'Спасибо за ваш интерес! Для работы за компьютером я рекомендую обратить внимание на наши массажные кресла, которые предлагают высокий уровень комфорта по приемлемым ценам. Например, модель Relaxio Comfort Max идеально подходит для длительного сидения благодаря своей эргономичной форме и нескольким режимам массажа. Она поможет вам расслабиться и забыть о напряжении после рабочего дня. Помните, что вы заслуживаете отдых и заботу о себе, поэтому подумайте о приобретении такого кресла — это ваш личный оазис комфорта, который всегда под рукой. Если вы хотите, я могу предложить вам несколько других моделей для сравнения.'}
12.10.2025 22:53:49 dialog: Шаг диалога обработан: {'client_id': 1}
12.10.2025 22:57:06 auth: Токен проверен: admin
12.10.2025 22:57:06 dialog_step: START step(): {'client_id': 1, 'user_input': 'А какие кресла есть?'}
12.10.2025 22:57:06 lead: Лид загружен: {'id': 1}
12.10.2025 22:57:06 dialog_step: : {'step_before': 1}
12.10.2025 22:57:06 dialog_step: : {'user': 'А какие кресла есть?'}
12.10.2025 22:57:07 consultant_stage: Контекст из базы добавлен: {'chunks_count': 3}
12.10.2025 22:57:07 consultant_stage: Сформирована инструкция для консультанта: {'client_id': 1}
12.10.2025 22:57:07 dispatcher: Выбранный агент: consultant: {'client_id': 1}
12.10.2025 22:57:07 dialog_step: Добавлен контекст из базы: {'chunks_count': 3}
12.10.2025 22:57:14 dialog_step: : {'step_after': 1, 'motive': 'Ваш персональный спа-салон дома. Теперь расслабление всегда под рукой.'}
12.10.2025 22:57:14 dialog_step: : {'model': 'У нас есть несколько моделей массажных кресел, которые подходят для работы за компьютером и обеспечивают высокий уровень комфорта. Например:\n\n1. **Relaxio Comfort Max** — это кресло с эргономичным дизайном и множеством режимов массажа. Оно отлично поддерживает спину и позволяет расслабиться после долгого рабочего дня. Прошло множество положительных отзывов от клиентов, таких как Анна из Москвы, которая отметила, что её здоровье значительно улучшилось после покупки.\n\n2. **Relaxio Comfort Elegant** — идеальный вариант для тех, кто ценит стиль и функциональность. Это кресло не только удобное, но и отлично вписывается в интерьер. Оно также компактно и имеет функцию "нулевой гравитации", что позволяет экономить пространство.\n\n3. **Relaxio Comfort Classic** — это бюджетный вариант с хорошей поддержкой и базовыми функциями массажа. Несмотря на низкую цену, кресло предлагает отличный комфорт и качество.\n\nЕсли вы ищете что-то конкретное, дайте знать, и я помогу выбрать модель, которая будет максимально соответствовать вашим потребностям!'}
12.10.2025 22:57:14 lead: Лид обновлён: {'id': 1}
12.10.2025 22:57:14 dialog_step: Ассистентский ответ добавлен и сохранён: {'assistant_text': 'У нас есть несколько моделей массажных кресел, которые подходят для работы за компьютером и обеспечивают высокий уровень комфорта. Например:\n\n1. **Relaxio Comfort Max** — это кресло с эргономичным дизайном и множеством режимов массажа. Оно отлично поддерживает спину и позволяет расслабиться после долгого рабочего дня. Прошло множество положительных отзывов от клиентов, таких как Анна из Москвы, которая отметила, что её здоровье значительно улучшилось после покупки.\n\n2. **Relaxio Comfort Elegant** — идеальный вариант для тех, кто ценит стиль и функциональность. Это кресло не только удобное, но и отлично вписывается в интерьер. Оно также компактно и имеет функцию "нулевой гравитации", что позволяет экономить пространство.\n\n3. **Relaxio Comfort Classic** — это бюджетный вариант с хорошей поддержкой и базовыми функциями массажа. Несмотря на низкую цену, кресло предлагает отличный комфорт и качество.\n\nЕсли вы ищете что-то конкретное, дайте знать, и я помогу выбрать модель, которая будет максимально соответствовать вашим потребностям!'}
12.10.2025 22:57:14 dialog_step: END step(): {'result': 'У нас есть несколько моделей массажных кресел, которые подходят для работы за компьютером и обеспечивают высокий уровень комфорта. Например:\n\n1. **Relaxio Comfort Max** — это кресло с эргономичным дизайном и множеством режимов массажа. Оно отлично поддерживает спину и позволяет расслабиться после долгого рабочего дня. Прошло множество положительных отзывов от клиентов, таких как Анна из Москвы, которая отметила, что её здоровье значительно улучшилось после покупки.\n\n2. **Relaxio Comfort Elegant** — идеальный вариант для тех, кто ценит стиль и функциональность. Это кресло не только удобное, но и отлично вписывается в интерьер. Оно также компактно и имеет функцию "нулевой гравитации", что позволяет экономить пространство.\n\n3. **Relaxio Comfort Classic** — это бюджетный вариант с хорошей поддержкой и базовыми функциями массажа. Несмотря на низкую цену, кресло предлагает отличный комфорт и качество.\n\nЕсли вы ищете что-то конкретное, дайте знать, и я помогу выбрать модель, которая будет максимально соответствовать вашим потребностям!'}
12.10.2025 22:57:14 dialog: Шаг диалога обработан: {'client_id': 1}
12.10.2025 23:00:53 shutdown: Остановка приложения
12.10.2025 23:00:53 shutdown: Log корректно завершён
12.10.2025 23:00:56 startup: lifespan: startup начат
12.10.2025 23:00:56 startup: База инициализирована
12.10.2025 23:00:57 startup: Base добавлен в app.state
12.10.2025 23:00:57 startup: Async Log инициализирован
12.10.2025 23:02:11 shutdown: Остановка приложения
12.10.2025 23:02:11 shutdown: Log корректно завершён
12.10.2025 23:02:14 startup: lifespan: startup начат
12.10.2025 23:02:14 startup: База инициализирована
12.10.2025 23:02:15 startup: Base добавлен в app.state
12.10.2025 23:02:15 startup: Async Log инициализирован
12.10.2025 23:02:28 shutdown: Остановка приложения
12.10.2025 23:02:28 shutdown: Log корректно завершён
12.10.2025 23:02:32 startup: lifespan: startup начат
12.10.2025 23:02:32 startup: База инициализирована
12.10.2025 23:02:32 startup: Base добавлен в app.state
12.10.2025 23:02:32 startup: Async Log инициализирован
12.10.2025 23:03:59 shutdown: Остановка приложения
12.10.2025 23:03:59 shutdown: Log корректно завершён
12.10.2025 23:04:02 startup: lifespan: startup начат
12.10.2025 23:04:02 startup: База инициализирована
12.10.2025 23:04:03 startup: Base добавлен в app.state
12.10.2025 23:04:03 startup: Async Log инициализирован
12.10.2025 23:04:39 shutdown: Остановка приложения
12.10.2025 23:04:39 shutdown: Log корректно завершён
12.10.2025 23:04:42 startup: lifespan: startup начат
12.10.2025 23:04:42 startup: База инициализирована
12.10.2025 23:04:43 startup: Base добавлен в app.state
12.10.2025 23:04:43 startup: Async Log инициализирован
12.10.2025 23:04:47 shutdown: Остановка приложения
12.10.2025 23:04:47 shutdown: Log корректно завершён
12.10.2025 23:05:47 startup: Импорты main.py выполнены
12.10.2025 23:05:47 startup: Запуск uvicorn.run
12.10.2025 23:05:50 startup: lifespan: startup начат
12.10.2025 23:05:50 startup: База инициализирована
12.10.2025 23:05:51 startup: Base добавлен в app.state
12.10.2025 23:05:51 startup: Async Log инициализирован
12.10.2025 23:05:54 auth: Токен выдан успешно: {'username': 'admin'}
12.10.2025 23:05:57 auth: Токен проверен: admin
12.10.2025 23:05:57 lead: Лид загружен: {'id': 1}
12.10.2025 23:05:57 lead: Лид обновлён: {'id': 1}
12.10.2025 23:05:57 dialog: Лид очищен: {'lead_id': 1}
12.10.2025 23:05:57 dialog: История диалога очищена: {'client_id': 1}
12.10.2025 23:06:09 auth: Токен проверен: admin
12.10.2025 23:06:09 dialog_step: START step(): {'client_id': 1, 'user_input': 'Привет'}
12.10.2025 23:06:09 lead: Лид загружен: {'id': 1}
12.10.2025 23:06:09 dialog_step: : {'step_before': 0, 'motive': None}
12.10.2025 23:06:09 dialog_step: : {'user': 'Привет'}
12.10.2025 23:06:09 hello_stage: Сформирован промпт приветствия: {'step': 0, 'client_id': 1}
12.10.2025 23:06:09 dispatcher: Выбранный агент: hello: {'client_id': 1}
12.10.2025 23:06:10 dialog_step: Добавлен контекст из базы: {'chunks_count': 3}
12.10.2025 23:06:12 dialog_step: : {'step_after': 1, 'motive': None}
12.10.2025 23:06:12 dialog_step: : {'model': 'Здравствуйте! Я — ваш виртуальный помощник Relaxio. Готов познакомить вас с нашими креслами для расслабления и комфорта. Какой критерий выбора кресла для вас наиболее важен?'}
12.10.2025 23:06:12 lead: Лид обновлён: {'id': 1}
12.10.2025 23:06:12 dialog_step: Ассистентский ответ добавлен и сохранён: {'assistant_text': 'Здравствуйте! Я — ваш виртуальный помощник Relaxio. Готов познакомить вас с нашими креслами для расслабления и комфорта. Какой критерий выбора кресла для вас наиболее важен?'}
12.10.2025 23:06:12 dialog_step: END step(): {'result': 'Здравствуйте! Я — ваш виртуальный помощник Relaxio. Готов познакомить вас с нашими креслами для расслабления и комфорта. Какой критерий выбора кресла для вас наиболее важен?'}
12.10.2025 23:06:12 dialog: Шаг диалога обработан: {'client_id': 1}
12.10.2025 23:06:30 auth: Токен проверен: admin
12.10.2025 23:06:30 dialog_step: START step(): {'client_id': 1, 'user_input': 'Чтобы спина не болела'}
12.10.2025 23:06:30 lead: Лид загружен: {'id': 1}
12.10.2025 23:06:30 dialog_step: : {'step_before': 1, 'motive': None}
12.10.2025 23:06:30 dialog_step: : {'user': 'Чтобы спина не болела'}
12.10.2025 23:06:30 hello_stage: Сформирован промпт приветствия: {'step': 1, 'client_id': 1}
12.10.2025 23:06:30 dispatcher: Выбранный агент: hello: {'client_id': 1}
12.10.2025 23:06:31 dialog_step: Добавлен контекст из базы: {'chunks_count': 3}
12.10.2025 23:06:33 dialog_step: : {'step_after': 2, 'motive': None}
12.10.2025 23:06:33 dialog_step: : {'model': 'Понимаю, что комфорт спины для вас важен. Насколько часто вы испытываете дискомфорт в спине?'}
12.10.2025 23:06:33 lead: Лид обновлён: {'id': 1}
12.10.2025 23:06:33 dialog_step: Ассистентский ответ добавлен и сохранён: {'assistant_text': 'Понимаю, что комфорт спины для вас важен. Насколько часто вы испытываете дискомфорт в спине?'}
12.10.2025 23:06:33 dialog_step: END step(): {'result': 'Понимаю, что комфорт спины для вас важен. Насколько часто вы испытываете дискомфорт в спине?'}
12.10.2025 23:06:33 dialog: Шаг диалога обработан: {'client_id': 1}
12.10.2025 23:06:42 auth: Токен проверен: admin
12.10.2025 23:06:42 dialog_step: START step(): {'client_id': 1, 'user_input': 'На стуле сидеть неудобно'}
12.10.2025 23:06:42 lead: Лид загружен: {'id': 1}
12.10.2025 23:06:42 dialog_step: : {'step_before': 2, 'motive': None}
12.10.2025 23:06:42 dialog_step: : {'user': 'На стуле сидеть неудобно'}
12.10.2025 23:06:42 hello_stage: Сформирован промпт приветствия: {'step': 2, 'client_id': 1}
12.10.2025 23:06:42 dispatcher: Выбранный агент: hello: {'client_id': 1}
12.10.2025 23:06:42 dialog_step: Добавлен контекст из базы: {'chunks_count': 3}
12.10.2025 23:06:45 dialog_step: : {'step_after': 2, 'motive': None}
12.10.2025 23:06:45 dialog_step: : {'model': 'Понимаю, что сидеть на стуле вам некомфортно. Вы ищете кресло, которое улучшит состояние вашей спины. Какую именно помощь вы хотите получить от кресла: расслабление, лечение боли или профилактику заболеваний?'}
12.10.2025 23:06:45 lead: Лид обновлён: {'id': 1}
12.10.2025 23:06:45 dialog_step: Ассистентский ответ добавлен и сохранён: {'assistant_text': 'Понимаю, что сидеть на стуле вам некомфортно. Вы ищете кресло, которое улучшит состояние вашей спины. Какую именно помощь вы хотите получить от кресла: расслабление, лечение боли или профилактику заболеваний?'}
12.10.2025 23:06:45 dialog_step: END step(): {'result': 'Понимаю, что сидеть на стуле вам некомфортно. Вы ищете кресло, которое улучшит состояние вашей спины. Какую именно помощь вы хотите получить от кресла: расслабление, лечение боли или профилактику заболеваний?'}
12.10.2025 23:06:45 dialog: Шаг диалога обработан: {'client_id': 1}
12.10.2025 23:07:12 auth: Токен проверен: admin
12.10.2025 23:07:12 dialog_step: START step(): {'client_id': 1, 'user_input': 'Я хочу работать за компьютером'}
12.10.2025 23:07:12 lead: Лид загружен: {'id': 1}
12.10.2025 23:07:12 dialog_step: : {'step_before': 2, 'motive': None}
12.10.2025 23:07:12 dialog_step: : {'user': 'Я хочу работать за компьютером'}
12.10.2025 23:07:12 hello_stage: Сформирован промпт приветствия: {'step': 2, 'client_id': 1}
12.10.2025 23:07:12 dispatcher: Выбранный агент: hello: {'client_id': 1}
12.10.2025 23:07:13 dialog_step: Добавлен контекст из базы: {'chunks_count': 3}
12.10.2025 23:07:14 dialog_step: : {'step_after': 2, 'motive': None}
12.10.2025 23:07:14 dialog_step: : {'model': 'Рад слышать, что вы хотите работать за компьютером. Какой функционал вам важен в кресле для работы: эргономика, поддержка спины или расслабляющие функции?'}
12.10.2025 23:07:14 lead: Лид обновлён: {'id': 1}
12.10.2025 23:07:14 dialog_step: Ассистентский ответ добавлен и сохранён: {'assistant_text': 'Рад слышать, что вы хотите работать за компьютером. Какой функционал вам важен в кресле для работы: эргономика, поддержка спины или расслабляющие функции?'}
12.10.2025 23:07:14 dialog_step: END step(): {'result': 'Рад слышать, что вы хотите работать за компьютером. Какой функционал вам важен в кресле для работы: эргономика, поддержка спины или расслабляющие функции?'}
12.10.2025 23:07:14 dialog: Шаг диалога обработан: {'client_id': 1}
12.10.2025 23:07:25 auth: Токен проверен: admin
12.10.2025 23:07:25 dialog_step: START step(): {'client_id': 1, 'user_input': 'Поддержка спины'}
12.10.2025 23:07:25 lead: Лид загружен: {'id': 1}
12.10.2025 23:07:25 dialog_step: : {'step_before': 2, 'motive': None}
12.10.2025 23:07:25 dialog_step: : {'user': 'Поддержка спины'}
12.10.2025 23:07:25 hello_stage: Сформирован промпт приветствия: {'step': 2, 'client_id': 1}
12.10.2025 23:07:25 dispatcher: Выбранный агент: hello: {'client_id': 1}
12.10.2025 23:07:26 dialog_step: Добавлен контекст из базы: {'chunks_count': 3}
12.10.2025 23:07:28 dialog_step: : {'step_after': 10, 'motive': 'поддержка спины'}
12.10.2025 23:07:28 dialog_step: : {'model': 'Спасибо за ваши ответы! Я поняла, что ваша мотивация — поддержка спины. Пишите, если у вас будут вопросы, наш консультант поможет вам с выбором кресел.'}
12.10.2025 23:07:28 lead: Лид обновлён: {'id': 1}
12.10.2025 23:07:28 dialog_step: Ассистентский ответ добавлен и сохранён: {'assistant_text': 'Спасибо за ваши ответы! Я поняла, что ваша мотивация — поддержка спины. Пишите, если у вас будут вопросы, наш консультант поможет вам с выбором кресел.'}
12.10.2025 23:07:28 dialog_step: END step(): {'result': 'Спасибо за ваши ответы! Я поняла, что ваша мотивация — поддержка спины. Пишите, если у вас будут вопросы, наш консультант поможет вам с выбором кресел.'}
12.10.2025 23:07:28 dialog: Шаг диалога обработан: {'client_id': 1}
12.10.2025 23:07:38 shutdown: Остановка приложения
12.10.2025 23:07:38 shutdown: Log корректно завершён
12.10.2025 23:07:41 startup: lifespan: startup начат
12.10.2025 23:07:41 startup: База инициализирована
12.10.2025 23:07:42 startup: Base добавлен в app.state
12.10.2025 23:07:42 startup: Async Log инициализирован
12.10.2025 23:07:54 auth: Токен проверен: admin
12.10.2025 23:07:54 dialog_step: START step(): {'client_id': 1, 'user_input': 'Помогай дальше'}
12.10.2025 23:07:54 lead: Лид загружен: {'id': 1}
12.10.2025 23:07:54 dialog_step: : {'step_before': 10, 'motive': 'поддержка спины'}
12.10.2025 23:07:54 dialog_step: : {'user': 'Помогай дальше'}
12.10.2025 23:07:55 consultant_stage: Контекст из базы добавлен: {'chunks_count': 3}
12.10.2025 23:07:55 consultant_stage: Сформирована инструкция для консультанта: {'client_id': 1}
12.10.2025 23:07:55 dispatcher: Выбранный агент: consultant: {'client_id': 1}
12.10.2025 23:07:55 dialog_step: Добавлен контекст из базы: {'chunks_count': 3}
12.10.2025 23:08:01 dialog_step: : {'step_after': 10, 'motive': 'поддержка спины'}
12.10.2025 23:08:01 dialog_step: : {'model': 'Отлично, я готов помочь вам с выбором! Если важна поддержка спины, рекомендую обратить внимание на модели с функцией 3D-массажа, такие как Relaxio Comfort Pro и Relaxio Comfort Max. Они обладают хорошей эргономикой и могут адаптироваться к вашему росту. \n\nПреимущества этих моделей включают:\n1. **Регулировка под вашу фигуру:** кресла имеют функцию автоматической настройки, что обеспечит идеальную поддержку вашей спины.\n2. **Массажные программы:** различные режимы массажа помогут не только расслабиться, но и уменьшить мышечное напряжение.\n3. **Качество материалов:** кресла сделаны из высококачественных материалов, что повышает долговечность и комфорт.\n4. **Доступ к управлению:** интуитивно понятный пульт управления позволяет легко выбирать нужные функции. \n\nПомните, ваш комфорт — это инвестиция в здоровье. Почему откладывать наслаждение на потом? Начните свой путь к гармонии и здоровью уже сегодня! Есть ли у вас предпочтения по дизайну или цвету? Это поможет сузить выбор!'}
12.10.2025 23:08:01 lead: Лид обновлён: {'id': 1}
12.10.2025 23:08:01 dialog_step: Ассистентский ответ добавлен и сохранён: {'assistant_text': 'Отлично, я готов помочь вам с выбором! Если важна поддержка спины, рекомендую обратить внимание на модели с функцией 3D-массажа, такие как Relaxio Comfort Pro и Relaxio Comfort Max. Они обладают хорошей эргономикой и могут адаптироваться к вашему росту. \n\nПреимущества этих моделей включают:\n1. **Регулировка под вашу фигуру:** кресла имеют функцию автоматической настройки, что обеспечит идеальную поддержку вашей спины.\n2. **Массажные программы:** различные режимы массажа помогут не только расслабиться, но и уменьшить мышечное напряжение.\n3. **Качество материалов:** кресла сделаны из высококачественных материалов, что повышает долговечность и комфорт.\n4. **Доступ к управлению:** интуитивно понятный пульт управления позволяет легко выбирать нужные функции. \n\nПомните, ваш комфорт — это инвестиция в здоровье. Почему откладывать наслаждение на потом? Начните свой путь к гармонии и здоровью уже сегодня! Есть ли у вас предпочтения по дизайну или цвету? Это поможет сузить выбор!'}
12.10.2025 23:08:01 dialog_step: END step(): {'result': 'Отлично, я готов помочь вам с выбором! Если важна поддержка спины, рекомендую обратить внимание на модели с функцией 3D-массажа, такие как Relaxio Comfort Pro и Relaxio Comfort Max. Они обладают хорошей эргономикой и могут адаптироваться к вашему росту. \n\nПреимущества этих моделей включают:\n1. **Регулировка под вашу фигуру:** кресла имеют функцию автоматической настройки, что обеспечит идеальную поддержку вашей спины.\n2. **Массажные программы:** различные режимы массажа помогут не только расслабиться, но и уменьшить мышечное напряжение.\n3. **Качество материалов:** кресла сделаны из высококачественных материалов, что повышает долговечность и комфорт.\n4. **Доступ к управлению:** интуитивно понятный пульт управления позволяет легко выбирать нужные функции. \n\nПомните, ваш комфорт — это инвестиция в здоровье. Почему откладывать наслаждение на потом? Начните свой путь к гармонии и здоровью уже сегодня! Есть ли у вас предпочтения по дизайну или цвету? Это поможет сузить выбор!'}
12.10.2025 23:08:01 dialog: Шаг диалога обработан: {'client_id': 1}
12.10.2025 23:08:34 shutdown: Остановка приложения
12.10.2025 23:08:34 shutdown: Log корректно завершён
12.10.2025 23:58:54 startup: Импорты main.py выполнены
12.10.2025 23:58:54 startup: Запуск uvicorn.run
12.10.2025 23:58:57 startup: lifespan: startup начат
12.10.2025 23:58:57 startup: База инициализирована
12.10.2025 23:58:58 startup: Base добавлен в app.state
12.10.2025 23:58:58 startup: Async Log инициализирован
