20.10.2025 21:14:36 startup: Импорты main.py выполнены
20.10.2025 21:14:37 startup: Запуск uvicorn.run
20.10.2025 21:14:40 startup: lifespan: startup начат
20.10.2025 21:14:40 startup: База инициализирована
20.10.2025 21:14:41 startup: Base добавлен в app.state
20.10.2025 21:14:41 startup: Async Log инициализирован
20.10.2025 21:15:59 lead: 4 лидов загружено
20.10.2025 21:15:59 auth: Пользователь успешно авторизован: {'user': {'id': 1, 'log': '[{"role": "user", "content": "Привет"}, {"role": "assistant", "content": "Здравствуйте! Я — ваш виртуальный помощник Relaxio. Готов познакомить вас с нашими креслами и их преимуществами. Какую мотивацию вы преследуете, выбирая кресло — комфорт, здоровье или, может быть, подарок?"}, {"role": "user", "content": "Привет"}, {"role": "assistant", "content": "Здравствуйте! Чем могу помочь?"}]', 'model': None, 'offer': None, 'step': 2, 'password': '$5$rounds=535000$UCH6OSVDqBSDNxGz$MOmV/IshAtdQp7V38tpdi.6JMAZ2yHU3Cy/DkLU8GEB', 'motive': None, 'name': None, 'contact': None, 'needs': None, 'timestamp': '<datetime>', 'login': 'admin', 'is_admin': True}}
20.10.2025 21:16:55 lead: 4 лидов загружено
20.10.2025 21:16:55 auth: Токен проверен: admin
20.10.2025 21:16:55 order: Заказ создан: {'id': 1}
20.10.2025 21:17:21 lead: 4 лидов загружено
20.10.2025 21:17:21 auth: Токен проверен: admin
20.10.2025 21:17:21 order: 1 заказов загружено
20.10.2025 21:17:21 order: Список заказов загружен: {'count': 1}
20.10.2025 21:17:45 lead: 4 лидов загружено
20.10.2025 21:17:45 auth: Токен проверен: admin
20.10.2025 21:17:45 order: Заказ загружен: {'id': 1}
20.10.2025 21:17:50 lead: 4 лидов загружено
20.10.2025 21:17:50 auth: Токен проверен: admin
20.10.2025 21:17:50 order: Заказ обновлён: {'id': 1}
20.10.2025 21:18:02 lead: 4 лидов загружено
20.10.2025 21:18:02 auth: Токен проверен: admin
20.10.2025 21:18:02 order: Заказ удалён: {'id': 1}
20.10.2025 21:18:08 lead: 4 лидов загружено
20.10.2025 21:18:08 auth: Токен проверен: admin
20.10.2025 21:18:08 order: ERROR: Заказ не найден: {'id': 1}
20.10.2025 21:18:08 order: ERROR: Ошибка при получении заказа: 404: Заказ не найден: {'id': 1}
20.10.2025 21:20:26 shutdown: Остановка приложения
20.10.2025 21:20:26 shutdown: Log корректно завершён
