22.10.2025 19:49:03 startup: Импорты main.py выполнены
22.10.2025 19:49:04 startup: Запуск uvicorn.run
22.10.2025 19:49:08 startup: lifespan: startup начат
22.10.2025 19:49:08 startup: База инициализирована
22.10.2025 19:49:13 startup: Base добавлен в app.state
22.10.2025 19:49:13 startup: Async Log инициализирован
22.10.2025 19:50:03 lead: 3 лидов загружено
22.10.2025 19:50:04 auth: Пользователь успешно авторизован: {'user': {'log': '[{"role": "user", "content": "Приве"}, {"role": "assistant", "content": "Здравствуйте! Я — ваш виртуальный помощник Relaxio. Готов познакомить вас с нашими креслами. Чем могу помочь?"}, {"role": "user", "content": "Помоги выбрать"}, {"role": "assistant", "content": "Какой критерий выбора для вас наиболее важен: комфорт, здоровье, цена или что-то другое?"}, {"role": "user", "content": "Цена"}, {"role": "assistant", "content": "Понятно! Какой диапазон цены вас интересует?"}, {"role": "user", "content": "До 50000"}, {"role": "assistant", "content": "Благодарю за уточнение! Могу предложить кресла в рамках вашего бюджета до 50000 рублей. Чтобы получить более детальную информацию, скажите, пожалуйста, вы хотите кресло для работы, отдыха или для здоровья?"}, {"role": "user", "content": "Отдых"}, {"role": "assistant", "content": "Спасибо за ваши ответы! Я понял, что ваша мотивация — расслабление. Пишите, если у вас будут вопросы, наш консультант поможет вам с выбором кресел."}, {"role": "user", "content": "Какое кресло предложишь?"}, {"role": "assistant", "content": "Отлично! Могу предложить несколько моделей, но для этого хочу понять, что именно вы ищете в кресле для отдыха. Вы больше цените традиционные массажные техники или предпочли бы что-то с современными технологиями, например, с функцией памяти или тепловым эффектом?"}, {"role": "user", "content": "Без функций"}, {"role": "assistant", "content": "Поняла, простота — это тоже отличный путь к комфорту! Вы когда-нибудь ловили себя на мысли, что чудесно было бы просто сидеть в кресле и забыть о заботах, например, с любимым напитком в руке? Какой напиток вы бы выбрали для такого релаксационного момента?"}, {"role": "user", "content": "Что дальше?"}, {"role": "assistant", "content": "Какой фантастический момент! Представьте, как кресло обнимает вас, и единственное, что может отвлекать, это легкий звук вашего любимого плейлиста. Вам нравится выполнять ваши любимые увлечения во время отдыха, как например чтение книги или просмотр фильмов?"}, {"role": "user", "content": "Я хочу работать за компьютером"}, {"role": "assistant", "content": "Работа за компьютером требует большого комфорта, чтобы не уставать. Вам нравится, когда кресло поддерживает вашу спину и шею во время длительных часов за рабочим столом? Как вы оцениваете комфорт текущего места, где работаете?"}, {"role": "user", "content": "Поддержка спины"}, {"role": "assistant", "content": "Поддержка спины – это действительно важно, особенно когда работаешь долго за компьютером. Замечали ли вы, как быстро устает тело, если нет хорошей опоры? А что касается ваших привычек, вы предпочитаете работать в полной тишине или вам нравится легкий фоновый шум, который помогает сосредоточиться?"}, {"role": "user", "content": "Фоновый шум"}, {"role": "assistant", "content": "Когда вы погружаетесь в работу с фоновым шумом, это словно держать волшебный баланс между продуктивностью и отдыхом. Интересно, есть ли у вас какие-то предпочтения, например, музыка или звуки природы, которые помогают вам окунуться в процесс?"}, {"role": "user", "content": "Музыка"}, {"role": "assistant", "content": "Музыка — это замечательный способ создать атмосферу для работы и отдыха! Хорошая музыка может действительно помочь заглушить шумы дня и направить ваш мысли в нужное русло. А вот представьте себе мгновение, когда ваши уставшие мышцы могут получить расслабляющий массаж прямо во время работы. Вы когда-нибудь бывали в таком состоянии, когда обычный массаж мог бы быть настоящим спасением после долгого рабочего дня?"}, {"role": "user", "content": "Пусть массаж"}, {"role": "assistant", "content": "Ваша потребность в массаже явно стартует с ощущения комфорта, когда вы работаете за компьютером. Это может быть прекрасным способом снять напряжение и восстановить силы. Есть ли у вас предпочтения по интенсивности массажа? Например, вам бы подошёл легкий и расслабляющий вариант или что-то более глубокое и интенсивное?"}, {"role": "user", "content": "Легкий"}, {"role": "assistant", "content": "Представьте, как кресло мягко обнимает ваше тело, снимая напряжение, а легкий массаж помогает вам сосредоточиться на работе. Вы когда-нибудь замечали, как некоторые мелодии могут действительно поднять вам настроение во время рабочего процесса? Есть ли у вас любимый стиль музыки, который вас вдохновляет?"}, {"role": "user", "content": "Попса"}, {"role": "assistant", "content": "Поп-музыка действительно может поднять настроение и сделать рабочий процесс более приятным! А как насчет мечты о том, чтобы после напряжённого дня у вас был свой личный спа-салон, где вы могли бы полностью расслабиться и наслаждаться жизнью? Какие ещё элементы комфорта вы бы хотели видеть в своем пространстве?"}, {"role": "user", "content": "Все достаточно"}, {"role": "assistant", "content": "Иногда, представляя себе счастливые моменты, которые наполняют наш дом, хочется добавить в уют что-то особенное. Что еще, по вашему мнению, может сделать ваше пространство более приятным и расслабляющим? Это может быть что-то вроде освежителей воздуха или удобных подушек, которые создадут атмосферу уюта, или, может быть, что-то другое?"}, {"role": "user", "content": "Ничего не надо"}, {"role": "assistant", "content": "Ваш комфорт и здоровье — на первом месте. Рассмотрите кресло, которое обеспечит легкий массаж, поддерживая спину во время работы и создания атмосферу, в которой вы сможете осуществить свою мечту о спокойствии и расслаблении. Вы заслужили комфорт в каждой минуте вашей жизни. Почему бы не сделать первый шаг к здоровью и гармонии прямо сегодня?"}, {"role": "user", "content": "Да я согласен"}, {"role": "assistant", "content": "Вы сделали правильный выбор! Массажное кресло для легкого массажа станет вашим личным оазисом комфорта и поддержит вашу спину в течение долговременной работы. Это не просто кресло, а ваш персональный спа-салон дома, где вы сможете расслабиться и восстановить силы. Инвестируйте в ваше здоровье и сделайте первый шаг к гармонии прямо сегодня — не откладывайте комфорт на потом!"}]', 'id': 1, 'password': '$5$rounds=535000$rEp4ug7d9FPeeYYu$Cxce.TCGURiPd0RG9wOq3orsg7aiOO3yo/3/2IKQr62', 'timestamp': '<datetime>', 'name': None, 'contact': None, 'login': 'admin', 'is_admin': True}}
22.10.2025 19:50:29 lead: 3 лидов загружено
22.10.2025 19:50:29 auth: Токен проверен: admin
22.10.2025 19:50:29 faq: ERROR: Ошибка чтения базы: 'Base' object has no attribute 'base_read'
22.10.2025 19:51:32 shutdown: Остановка приложения
22.10.2025 19:51:32 shutdown: Log корректно завершён
22.10.2025 19:51:41 startup: lifespan: startup начат
22.10.2025 19:51:41 startup: База инициализирована
22.10.2025 19:51:43 startup: Base добавлен в app.state
22.10.2025 19:51:43 startup: Async Log инициализирован
22.10.2025 19:52:17 lead: 3 лидов загружено
22.10.2025 19:52:17 auth: Пользователь успешно авторизован: {'user': {'log': '[{"role": "user", "content": "Приве"}, {"role": "assistant", "content": "Здравствуйте! Я — ваш виртуальный помощник Relaxio. Готов познакомить вас с нашими креслами. Чем могу помочь?"}, {"role": "user", "content": "Помоги выбрать"}, {"role": "assistant", "content": "Какой критерий выбора для вас наиболее важен: комфорт, здоровье, цена или что-то другое?"}, {"role": "user", "content": "Цена"}, {"role": "assistant", "content": "Понятно! Какой диапазон цены вас интересует?"}, {"role": "user", "content": "До 50000"}, {"role": "assistant", "content": "Благодарю за уточнение! Могу предложить кресла в рамках вашего бюджета до 50000 рублей. Чтобы получить более детальную информацию, скажите, пожалуйста, вы хотите кресло для работы, отдыха или для здоровья?"}, {"role": "user", "content": "Отдых"}, {"role": "assistant", "content": "Спасибо за ваши ответы! Я понял, что ваша мотивация — расслабление. Пишите, если у вас будут вопросы, наш консультант поможет вам с выбором кресел."}, {"role": "user", "content": "Какое кресло предложишь?"}, {"role": "assistant", "content": "Отлично! Могу предложить несколько моделей, но для этого хочу понять, что именно вы ищете в кресле для отдыха. Вы больше цените традиционные массажные техники или предпочли бы что-то с современными технологиями, например, с функцией памяти или тепловым эффектом?"}, {"role": "user", "content": "Без функций"}, {"role": "assistant", "content": "Поняла, простота — это тоже отличный путь к комфорту! Вы когда-нибудь ловили себя на мысли, что чудесно было бы просто сидеть в кресле и забыть о заботах, например, с любимым напитком в руке? Какой напиток вы бы выбрали для такого релаксационного момента?"}, {"role": "user", "content": "Что дальше?"}, {"role": "assistant", "content": "Какой фантастический момент! Представьте, как кресло обнимает вас, и единственное, что может отвлекать, это легкий звук вашего любимого плейлиста. Вам нравится выполнять ваши любимые увлечения во время отдыха, как например чтение книги или просмотр фильмов?"}, {"role": "user", "content": "Я хочу работать за компьютером"}, {"role": "assistant", "content": "Работа за компьютером требует большого комфорта, чтобы не уставать. Вам нравится, когда кресло поддерживает вашу спину и шею во время длительных часов за рабочим столом? Как вы оцениваете комфорт текущего места, где работаете?"}, {"role": "user", "content": "Поддержка спины"}, {"role": "assistant", "content": "Поддержка спины – это действительно важно, особенно когда работаешь долго за компьютером. Замечали ли вы, как быстро устает тело, если нет хорошей опоры? А что касается ваших привычек, вы предпочитаете работать в полной тишине или вам нравится легкий фоновый шум, который помогает сосредоточиться?"}, {"role": "user", "content": "Фоновый шум"}, {"role": "assistant", "content": "Когда вы погружаетесь в работу с фоновым шумом, это словно держать волшебный баланс между продуктивностью и отдыхом. Интересно, есть ли у вас какие-то предпочтения, например, музыка или звуки природы, которые помогают вам окунуться в процесс?"}, {"role": "user", "content": "Музыка"}, {"role": "assistant", "content": "Музыка — это замечательный способ создать атмосферу для работы и отдыха! Хорошая музыка может действительно помочь заглушить шумы дня и направить ваш мысли в нужное русло. А вот представьте себе мгновение, когда ваши уставшие мышцы могут получить расслабляющий массаж прямо во время работы. Вы когда-нибудь бывали в таком состоянии, когда обычный массаж мог бы быть настоящим спасением после долгого рабочего дня?"}, {"role": "user", "content": "Пусть массаж"}, {"role": "assistant", "content": "Ваша потребность в массаже явно стартует с ощущения комфорта, когда вы работаете за компьютером. Это может быть прекрасным способом снять напряжение и восстановить силы. Есть ли у вас предпочтения по интенсивности массажа? Например, вам бы подошёл легкий и расслабляющий вариант или что-то более глубокое и интенсивное?"}, {"role": "user", "content": "Легкий"}, {"role": "assistant", "content": "Представьте, как кресло мягко обнимает ваше тело, снимая напряжение, а легкий массаж помогает вам сосредоточиться на работе. Вы когда-нибудь замечали, как некоторые мелодии могут действительно поднять вам настроение во время рабочего процесса? Есть ли у вас любимый стиль музыки, который вас вдохновляет?"}, {"role": "user", "content": "Попса"}, {"role": "assistant", "content": "Поп-музыка действительно может поднять настроение и сделать рабочий процесс более приятным! А как насчет мечты о том, чтобы после напряжённого дня у вас был свой личный спа-салон, где вы могли бы полностью расслабиться и наслаждаться жизнью? Какие ещё элементы комфорта вы бы хотели видеть в своем пространстве?"}, {"role": "user", "content": "Все достаточно"}, {"role": "assistant", "content": "Иногда, представляя себе счастливые моменты, которые наполняют наш дом, хочется добавить в уют что-то особенное. Что еще, по вашему мнению, может сделать ваше пространство более приятным и расслабляющим? Это может быть что-то вроде освежителей воздуха или удобных подушек, которые создадут атмосферу уюта, или, может быть, что-то другое?"}, {"role": "user", "content": "Ничего не надо"}, {"role": "assistant", "content": "Ваш комфорт и здоровье — на первом месте. Рассмотрите кресло, которое обеспечит легкий массаж, поддерживая спину во время работы и создания атмосферу, в которой вы сможете осуществить свою мечту о спокойствии и расслаблении. Вы заслужили комфорт в каждой минуте вашей жизни. Почему бы не сделать первый шаг к здоровью и гармонии прямо сегодня?"}, {"role": "user", "content": "Да я согласен"}, {"role": "assistant", "content": "Вы сделали правильный выбор! Массажное кресло для легкого массажа станет вашим личным оазисом комфорта и поддержит вашу спину в течение долговременной работы. Это не просто кресло, а ваш персональный спа-салон дома, где вы сможете расслабиться и восстановить силы. Инвестируйте в ваше здоровье и сделайте первый шаг к гармонии прямо сегодня — не откладывайте комфорт на потом!"}]', 'id': 1, 'password': '$5$rounds=535000$rEp4ug7d9FPeeYYu$Cxce.TCGURiPd0RG9wOq3orsg7aiOO3yo/3/2IKQr62', 'timestamp': '<datetime>', 'name': None, 'contact': None, 'login': 'admin', 'is_admin': True}}
22.10.2025 19:52:42 lead: 3 лидов загружено
22.10.2025 19:52:42 auth: Токен проверен: admin
22.10.2025 19:52:42 faq: Файл базы прочитан, длина текста 2075
22.10.2025 19:53:38 lead: 3 лидов загружено
22.10.2025 19:53:38 auth: Токен проверен: admin
22.10.2025 19:53:38 faq: Файл базы перезаписан, длина текста 77
22.10.2025 19:54:24 lead: 3 лидов загружено
22.10.2025 19:54:25 auth: Пользователь успешно авторизован: {'user': {'log': '[{"role": "user", "content": "Приве"}, {"role": "assistant", "content": "Здравствуйте! Я — ваш виртуальный помощник Relaxio. Готов познакомить вас с нашими креслами. Чем могу помочь?"}, {"role": "user", "content": "Помоги выбрать"}, {"role": "assistant", "content": "Какой критерий выбора для вас наиболее важен: комфорт, здоровье, цена или что-то другое?"}, {"role": "user", "content": "Цена"}, {"role": "assistant", "content": "Понятно! Какой диапазон цены вас интересует?"}, {"role": "user", "content": "До 50000"}, {"role": "assistant", "content": "Благодарю за уточнение! Могу предложить кресла в рамках вашего бюджета до 50000 рублей. Чтобы получить более детальную информацию, скажите, пожалуйста, вы хотите кресло для работы, отдыха или для здоровья?"}, {"role": "user", "content": "Отдых"}, {"role": "assistant", "content": "Спасибо за ваши ответы! Я понял, что ваша мотивация — расслабление. Пишите, если у вас будут вопросы, наш консультант поможет вам с выбором кресел."}, {"role": "user", "content": "Какое кресло предложишь?"}, {"role": "assistant", "content": "Отлично! Могу предложить несколько моделей, но для этого хочу понять, что именно вы ищете в кресле для отдыха. Вы больше цените традиционные массажные техники или предпочли бы что-то с современными технологиями, например, с функцией памяти или тепловым эффектом?"}, {"role": "user", "content": "Без функций"}, {"role": "assistant", "content": "Поняла, простота — это тоже отличный путь к комфорту! Вы когда-нибудь ловили себя на мысли, что чудесно было бы просто сидеть в кресле и забыть о заботах, например, с любимым напитком в руке? Какой напиток вы бы выбрали для такого релаксационного момента?"}, {"role": "user", "content": "Что дальше?"}, {"role": "assistant", "content": "Какой фантастический момент! Представьте, как кресло обнимает вас, и единственное, что может отвлекать, это легкий звук вашего любимого плейлиста. Вам нравится выполнять ваши любимые увлечения во время отдыха, как например чтение книги или просмотр фильмов?"}, {"role": "user", "content": "Я хочу работать за компьютером"}, {"role": "assistant", "content": "Работа за компьютером требует большого комфорта, чтобы не уставать. Вам нравится, когда кресло поддерживает вашу спину и шею во время длительных часов за рабочим столом? Как вы оцениваете комфорт текущего места, где работаете?"}, {"role": "user", "content": "Поддержка спины"}, {"role": "assistant", "content": "Поддержка спины – это действительно важно, особенно когда работаешь долго за компьютером. Замечали ли вы, как быстро устает тело, если нет хорошей опоры? А что касается ваших привычек, вы предпочитаете работать в полной тишине или вам нравится легкий фоновый шум, который помогает сосредоточиться?"}, {"role": "user", "content": "Фоновый шум"}, {"role": "assistant", "content": "Когда вы погружаетесь в работу с фоновым шумом, это словно держать волшебный баланс между продуктивностью и отдыхом. Интересно, есть ли у вас какие-то предпочтения, например, музыка или звуки природы, которые помогают вам окунуться в процесс?"}, {"role": "user", "content": "Музыка"}, {"role": "assistant", "content": "Музыка — это замечательный способ создать атмосферу для работы и отдыха! Хорошая музыка может действительно помочь заглушить шумы дня и направить ваш мысли в нужное русло. А вот представьте себе мгновение, когда ваши уставшие мышцы могут получить расслабляющий массаж прямо во время работы. Вы когда-нибудь бывали в таком состоянии, когда обычный массаж мог бы быть настоящим спасением после долгого рабочего дня?"}, {"role": "user", "content": "Пусть массаж"}, {"role": "assistant", "content": "Ваша потребность в массаже явно стартует с ощущения комфорта, когда вы работаете за компьютером. Это может быть прекрасным способом снять напряжение и восстановить силы. Есть ли у вас предпочтения по интенсивности массажа? Например, вам бы подошёл легкий и расслабляющий вариант или что-то более глубокое и интенсивное?"}, {"role": "user", "content": "Легкий"}, {"role": "assistant", "content": "Представьте, как кресло мягко обнимает ваше тело, снимая напряжение, а легкий массаж помогает вам сосредоточиться на работе. Вы когда-нибудь замечали, как некоторые мелодии могут действительно поднять вам настроение во время рабочего процесса? Есть ли у вас любимый стиль музыки, который вас вдохновляет?"}, {"role": "user", "content": "Попса"}, {"role": "assistant", "content": "Поп-музыка действительно может поднять настроение и сделать рабочий процесс более приятным! А как насчет мечты о том, чтобы после напряжённого дня у вас был свой личный спа-салон, где вы могли бы полностью расслабиться и наслаждаться жизнью? Какие ещё элементы комфорта вы бы хотели видеть в своем пространстве?"}, {"role": "user", "content": "Все достаточно"}, {"role": "assistant", "content": "Иногда, представляя себе счастливые моменты, которые наполняют наш дом, хочется добавить в уют что-то особенное. Что еще, по вашему мнению, может сделать ваше пространство более приятным и расслабляющим? Это может быть что-то вроде освежителей воздуха или удобных подушек, которые создадут атмосферу уюта, или, может быть, что-то другое?"}, {"role": "user", "content": "Ничего не надо"}, {"role": "assistant", "content": "Ваш комфорт и здоровье — на первом месте. Рассмотрите кресло, которое обеспечит легкий массаж, поддерживая спину во время работы и создания атмосферу, в которой вы сможете осуществить свою мечту о спокойствии и расслаблении. Вы заслужили комфорт в каждой минуте вашей жизни. Почему бы не сделать первый шаг к здоровью и гармонии прямо сегодня?"}, {"role": "user", "content": "Да я согласен"}, {"role": "assistant", "content": "Вы сделали правильный выбор! Массажное кресло для легкого массажа станет вашим личным оазисом комфорта и поддержит вашу спину в течение долговременной работы. Это не просто кресло, а ваш персональный спа-салон дома, где вы сможете расслабиться и восстановить силы. Инвестируйте в ваше здоровье и сделайте первый шаг к гармонии прямо сегодня — не откладывайте комфорт на потом!"}]', 'id': 1, 'password': '$5$rounds=535000$rEp4ug7d9FPeeYYu$Cxce.TCGURiPd0RG9wOq3orsg7aiOO3yo/3/2IKQr62', 'timestamp': '<datetime>', 'name': None, 'contact': None, 'login': 'admin', 'is_admin': True}}
22.10.2025 19:54:32 lead: 3 лидов загружено
22.10.2025 19:54:32 auth: Токен проверен: admin
22.10.2025 19:54:32 lead: Лид загружен: {'id': 1}
22.10.2025 19:54:32 lead: Лид обновлён: {'id': 1}
22.10.2025 19:54:32 dialog: Лид очищен: {'lead_id': 1}
22.10.2025 19:54:32 dialog: История диалога очищена: {'client_id': 1}
22.10.2025 19:54:58 lead: 3 лидов загружено
22.10.2025 19:54:58 auth: Токен проверен: admin
22.10.2025 19:54:58 dialog_step: START step(): {'client_id': 1, 'user_input': 'Привет'}
22.10.2025 19:54:58 lead: Лид загружен: {'id': 1}
22.10.2025 19:55:06 dialog_step: Model raw response: {
    "report": "От Агента-Отчетности ко всем другим Агентам:\n1. Переходим к этапу: Приветствие\n2. Промежуточные результаты: \n- Тип запроса: не определен\n- Запрос: Привет\n- Запрос отработан: нет\n- Отзыв клиента: не зафиксирован\n4. Следующий шаг: Агент-Классификатор должен узнать имя клиента для дальнейшей работы.",
    "model_answer": "Здравствуйте! Меня зовут Астра, я консультант магазина товаров для животных. Как могу к вам обращаться?",
    "user_name": "",
    "user_contact": ""
}
22.10.2025 19:55:06 dialog_step: report: От Агента-Отчетности ко всем другим Агентам:
1. Переходим к этапу: Приветствие
2. Промежуточные результаты: 
- Тип запроса: не определен
- Запрос: Привет
- Запрос отработан: нет
- Отзыв клиента: не зафиксирован
4. Следующий шаг: Агент-Классификатор должен узнать имя клиента для дальнейшей работы.
22.10.2025 19:55:06 dialog_step: Lead updated: {'lead.name': '', 'lead.contact': ''}
22.10.2025 19:55:06 lead: Лид обновлён: {'id': 1}
22.10.2025 19:55:06 dialog_step: END step(): {'model_answer': 'Здравствуйте! Меня зовут Астра, я консультант магазина товаров для животных. Как могу к вам обращаться?'}
22.10.2025 19:55:06 dialog: Шаг диалога обработан: {'client_id': 1}
22.10.2025 19:55:32 lead: 3 лидов загружено
22.10.2025 19:55:32 auth: Токен проверен: admin
22.10.2025 19:55:32 dialog_step: START step(): {'client_id': 1, 'user_input': 'Алексей'}
22.10.2025 19:55:32 lead: Лид загружен: {'id': 1}
22.10.2025 19:55:39 dialog_step: Model raw response: {
    "report": "От Агента-Отчетности ко всем другим Агентам:\n1. Переходим к этапу: Категоризация\n2. Промежуточные результаты: \n- Тип запроса: Неизвестен\n- Запрос: Неизвестен\n- Запрос отработан: нет\n- Отзыв клиента: Неизвестен\n4. Следующий шаг: Агент-Классификатор должен выяснить, с каким вопросом обращается клиент.",
    "model_answer": "Спасибо, Алексей! Какой у вас вопрос или проблема, с которой я могу вам помочь?",
    "user_name": "Алексей",
    "user_contact": ""
}
22.10.2025 19:55:39 dialog_step: report: От Агента-Отчетности ко всем другим Агентам:
1. Переходим к этапу: Категоризация
2. Промежуточные результаты: 
- Тип запроса: Неизвестен
- Запрос: Неизвестен
- Запрос отработан: нет
- Отзыв клиента: Неизвестен
4. Следующий шаг: Агент-Классификатор должен выяснить, с каким вопросом обращается клиент.
22.10.2025 19:55:39 dialog_step: Lead updated: {'lead.name': 'Алексей', 'lead.contact': ''}
22.10.2025 19:55:39 lead: Лид обновлён: {'id': 1}
22.10.2025 19:55:39 dialog_step: END step(): {'model_answer': 'Спасибо, Алексей! Какой у вас вопрос или проблема, с которой я могу вам помочь?'}
22.10.2025 19:55:39 dialog: Шаг диалога обработан: {'client_id': 1}
22.10.2025 19:57:12 lead: 3 лидов загружено
22.10.2025 19:57:12 auth: Токен проверен: admin
22.10.2025 19:57:12 dialog_step: START step(): {'client_id': 1, 'user_input': 'Помоги сделать заказ'}
22.10.2025 19:57:12 lead: Лид загружен: {'id': 1}
22.10.2025 19:57:19 dialog_step: Model raw response: {
    "report": "От Агента-Отчетности ко всем другим Агентам:\n1. Переходим к этапу: Категоризация\n2. Промежуточные результаты: \n- Тип запроса: Категория 4\n- Запрос: Помоги сделать заказ\n- Запрос отработан: нет\n- Отзыв клиента: \n4. Следующий шаг: Агент-Обработчик должен обратиться к клиенту и запросить его контакт для дальнейшей помощи с заказом.",
    "model_answer": "Алексей, чтобы сделать заказ, мне нужно знать ваши контактные данные, по которым мы можем с вами связаться. Пожалуйста, укажите ваш номер телефона или электронную почту.",
    "user_name": "Алексей",
    "user_contact": ""
}
22.10.2025 19:57:19 dialog_step: report: От Агента-Отчетности ко всем другим Агентам:
1. Переходим к этапу: Категоризация
2. Промежуточные результаты: 
- Тип запроса: Категория 4
- Запрос: Помоги сделать заказ
- Запрос отработан: нет
- Отзыв клиента: 
4. Следующий шаг: Агент-Обработчик должен обратиться к клиенту и запросить его контакт для дальнейшей помощи с заказом.
22.10.2025 19:57:19 dialog_step: Lead updated: {'lead.name': 'Алексей', 'lead.contact': ''}
22.10.2025 19:57:19 lead: Лид обновлён: {'id': 1}
22.10.2025 19:57:19 dialog_step: END step(): {'model_answer': 'Алексей, чтобы сделать заказ, мне нужно знать ваши контактные данные, по которым мы можем с вами связаться. Пожалуйста, укажите ваш номер телефона или электронную почту.'}
22.10.2025 19:57:19 dialog: Шаг диалога обработан: {'client_id': 1}
22.10.2025 19:57:45 lead: 3 лидов загружено
22.10.2025 19:57:45 auth: Токен проверен: admin
22.10.2025 19:57:45 dialog_step: START step(): {'client_id': 1, 'user_input': '+ (900) 100-200-30'}
22.10.2025 19:57:45 lead: Лид загружен: {'id': 1}
22.10.2025 19:57:52 dialog_step: Model raw response: {
    "report": "От Агента-Отчетности ко всем другим Агентам:\n1. Переходим к этапу: Обработка запроса\n2. Промежуточные результаты: \n- Тип запроса: 4\n- Запрос: Помоги сделать заказ\n- Запрос отработан: нет\n- Отзыв клиента: \n4. Следующий шаг: Агент-Обработчик должен передать информацию менеджеру. Я зафиксировал контактный номер клиента.",
    "model_answer": "Спасибо, Алексей! Я зафиксировал ваш номер телефона: + (900) 100-200-30. Для оформления заказа вам нужно выбрать товары на нашем сайте. Если у вас возникнут вопросы по выбору, дайте знать, и я помогу! В противном случае я передам ваш запрос менеджеру для дальнейшего оформления.",
    "user_name": "Алексей",
    "user_contact": "+ (900) 100-200-30"
}
22.10.2025 19:57:52 dialog_step: report: От Агента-Отчетности ко всем другим Агентам:
1. Переходим к этапу: Обработка запроса
2. Промежуточные результаты: 
- Тип запроса: 4
- Запрос: Помоги сделать заказ
- Запрос отработан: нет
- Отзыв клиента: 
4. Следующий шаг: Агент-Обработчик должен передать информацию менеджеру. Я зафиксировал контактный номер клиента.
22.10.2025 19:57:52 dialog_step: Lead updated: {'lead.name': 'Алексей', 'lead.contact': '+ (900) 100-200-30'}
22.10.2025 19:57:52 lead: Лид обновлён: {'id': 1}
22.10.2025 19:57:52 dialog_step: END step(): {'model_answer': 'Спасибо, Алексей! Я зафиксировал ваш номер телефона: + (900) 100-200-30. Для оформления заказа вам нужно выбрать товары на нашем сайте. Если у вас возникнут вопросы по выбору, дайте знать, и я помогу! В противном случае я передам ваш запрос менеджеру для дальнейшего оформления.'}
22.10.2025 19:57:52 dialog: Шаг диалога обработан: {'client_id': 1}
22.10.2025 19:59:35 lead: 3 лидов загружено
22.10.2025 19:59:35 auth: Токен проверен: admin
22.10.2025 19:59:35 dialog_step: START step(): {'client_id': 1, 'user_input': 'Как выбрать лежанку для собаки?'}
22.10.2025 19:59:35 lead: Лид загружен: {'id': 1}
22.10.2025 19:59:42 dialog_step: Model raw response: {
    "report": "Агент-Отчетности ко всем другим Агентам:\n1. Переходим к этапу: Обработка запроса\n2. Промежуточные результаты: \n- Тип запроса: Категория 3\n- Запрос: Как выбрать лежанку для собаки?\n- Запрос отработан: да\n- Отзыв клиента: нет\n4. Следующий шаг: Агент-Информатор должен ответить на вопрос клиента.",
    "model_answer": "При выборе лежанки учитывайте размер собаки (измерьте длину от носа до хвоста + 10-15 см), материал (для аллергиков - гипоаллергенные ткани), жесткость (пожилым собакам - ортопедические модели) и возможность стирки.",
    "user_name": "Алексей",
    "user_contact": "+ (900) 100-200-30"
}
22.10.2025 19:59:42 dialog_step: report: Агент-Отчетности ко всем другим Агентам:
1. Переходим к этапу: Обработка запроса
2. Промежуточные результаты: 
- Тип запроса: Категория 3
- Запрос: Как выбрать лежанку для собаки?
- Запрос отработан: да
- Отзыв клиента: нет
4. Следующий шаг: Агент-Информатор должен ответить на вопрос клиента.
22.10.2025 19:59:42 dialog_step: Lead updated: {'lead.name': 'Алексей', 'lead.contact': '+ (900) 100-200-30'}
22.10.2025 19:59:42 lead: Лид обновлён: {'id': 1}
22.10.2025 19:59:42 dialog_step: END step(): {'model_answer': 'При выборе лежанки учитывайте размер собаки (измерьте длину от носа до хвоста + 10-15 см), материал (для аллергиков - гипоаллергенные ткани), жесткость (пожилым собакам - ортопедические модели) и возможность стирки.'}
22.10.2025 19:59:42 dialog: Шаг диалога обработан: {'client_id': 1}
22.10.2025 20:02:10 lead: 3 лидов загружено
22.10.2025 20:02:10 auth: Токен проверен: admin
22.10.2025 20:02:10 dialog_step: START step(): {'client_id': 1, 'user_input': 'Расскажи про ваш магазин'}
22.10.2025 20:02:10 lead: Лид загружен: {'id': 1}
22.10.2025 20:02:17 dialog_step: Model raw response: {
    "report": "От Агента-Отчетности ко всем другим Агентам:\n1. Переходим к этапу: Обработка запроса\n2. Промежуточные результаты: \n- Тип запроса: Категория 4\n- Запрос: Расскажи про ваш магазин\n- Запрос отработан: нет\n- Отзыв клиента:  \n4. Следующий шаг: Агент-Обработчик передаст информацию менеджеру для дальнейшего контакта с клиентом.",
    "model_answer": "Мы — онлайн-магазин товаров для домашних животных, работающий более 10 лет. У нас более 200 000 постоянных клиентов и свыше 1 миллиона успешно выполненных заказов. Мы предлагаем только сертифицированные товары от проверенных брендов. У нас есть бонусная программа и ежедневные акции. Также доступны услуги самовывоза и экспресс-доставки в крупных городах.",
    "user_name": "Алексей",
    "user_contact": "+ (900) 100-200-30"
}
22.10.2025 20:02:17 dialog_step: report: От Агента-Отчетности ко всем другим Агентам:
1. Переходим к этапу: Обработка запроса
2. Промежуточные результаты: 
- Тип запроса: Категория 4
- Запрос: Расскажи про ваш магазин
- Запрос отработан: нет
- Отзыв клиента:  
4. Следующий шаг: Агент-Обработчик передаст информацию менеджеру для дальнейшего контакта с клиентом.
22.10.2025 20:02:17 dialog_step: Lead updated: {'lead.name': 'Алексей', 'lead.contact': '+ (900) 100-200-30'}
22.10.2025 20:02:17 lead: Лид обновлён: {'id': 1}
22.10.2025 20:02:17 dialog_step: END step(): {'model_answer': 'Мы — онлайн-магазин товаров для домашних животных, работающий более 10 лет. У нас более 200 000 постоянных клиентов и свыше 1 миллиона успешно выполненных заказов. Мы предлагаем только сертифицированные товары от проверенных брендов. У нас есть бонусная программа и ежедневные акции. Также доступны услуги самовывоза и экспресс-доставки в крупных городах.'}
22.10.2025 20:02:17 dialog: Шаг диалога обработан: {'client_id': 1}
22.10.2025 20:03:08 lead: 3 лидов загружено
22.10.2025 20:03:08 auth: Токен проверен: admin
22.10.2025 20:03:08 dialog_step: START step(): {'client_id': 1, 'user_input': 'А какое у вас название то магазина'}
22.10.2025 20:03:08 lead: Лид загружен: {'id': 1}
22.10.2025 20:03:10 dialog_step: Model raw response: Наш интернет-магазин называется "PetZone Care". Если у вас есть еще вопросы, пожалуйста, задавайте!
22.10.2025 20:03:10 dialog_step: ERROR: Ошибка разбора ответа модели: Expecting value: line 1 column 1 (char 0)
22.10.2025 20:03:10 dialog: ERROR: Ошибка при обработке шага диалога: cannot access local variable 'response_data' where it is not associated with a value: {'client_id': 1}
22.10.2025 20:03:40 lead: 3 лидов загружено
22.10.2025 20:03:41 auth: Пользователь успешно авторизован: {'user': {'log': '[{"role": "user", "content": "Привет"}, {"role": "assistant", "content": "Здравствуйте! Меня зовут Астра, я консультант магазина товаров для животных. Как могу к вам обращаться?"}, {"role": "user", "content": "Алексей"}, {"role": "assistant", "content": "Спасибо, Алексей! Какой у вас вопрос или проблема, с которой я могу вам помочь?"}, {"role": "user", "content": "Помоги сделать заказ"}, {"role": "assistant", "content": "Алексей, чтобы сделать заказ, мне нужно знать ваши контактные данные, по которым мы можем с вами связаться. Пожалуйста, укажите ваш номер телефона или электронную почту."}, {"role": "user", "content": "+ (900) 100-200-30"}, {"role": "assistant", "content": "Спасибо, Алексей! Я зафиксировал ваш номер телефона: + (900) 100-200-30. Для оформления заказа вам нужно выбрать товары на нашем сайте. Если у вас возникнут вопросы по выбору, дайте знать, и я помогу! В противном случае я передам ваш запрос менеджеру для дальнейшего оформления."}, {"role": "user", "content": "Как выбрать лежанку для собаки?"}, {"role": "assistant", "content": "При выборе лежанки учитывайте размер собаки (измерьте длину от носа до хвоста + 10-15 см), материал (для аллергиков - гипоаллергенные ткани), жесткость (пожилым собакам - ортопедические модели) и возможность стирки."}, {"role": "user", "content": "Расскажи про ваш магазин"}, {"role": "assistant", "content": "Мы — онлайн-магазин товаров для домашних животных, работающий более 10 лет. У нас более 200 000 постоянных клиентов и свыше 1 миллиона успешно выполненных заказов. Мы предлагаем только сертифицированные товары от проверенных брендов. У нас есть бонусная программа и ежедневные акции. Также доступны услуги самовывоза и экспресс-доставки в крупных городах."}]', 'id': 1, 'password': '$5$rounds=535000$rEp4ug7d9FPeeYYu$Cxce.TCGURiPd0RG9wOq3orsg7aiOO3yo/3/2IKQr62', 'timestamp': '<datetime>', 'name': 'Алексей', 'contact': '+ (900) 100-200-30', 'login': 'admin', 'is_admin': True}}
22.10.2025 20:04:07 lead: 3 лидов загружено
22.10.2025 20:04:07 auth: Токен проверен: admin
22.10.2025 20:04:07 dialog_step: START step(): {'client_id': 1, 'user_input': 'Название вашего магазина'}
22.10.2025 20:04:07 lead: Лид загружен: {'id': 1}
22.10.2025 20:04:10 dialog_step: Model raw response: Наш магазин называется "PetZone Care". Как еще я могу вам помочь?
22.10.2025 20:04:10 dialog_step: ERROR: Ошибка разбора ответа модели: Expecting value: line 1 column 1 (char 0)
22.10.2025 20:04:10 dialog: ERROR: Ошибка при обработке шага диалога: cannot access local variable 'response_data' where it is not associated with a value: {'client_id': 1}
22.10.2025 20:05:56 shutdown: Остановка приложения
22.10.2025 20:05:56 shutdown: Log корректно завершён
22.10.2025 20:06:01 startup: Импорты main.py выполнены
22.10.2025 20:06:02 startup: Запуск uvicorn.run
22.10.2025 20:06:05 startup: lifespan: startup начат
22.10.2025 20:06:05 startup: База инициализирована
22.10.2025 20:06:06 startup: Base добавлен в app.state
22.10.2025 20:06:06 startup: Async Log инициализирован
22.10.2025 20:06:14 lead: 3 лидов загружено
22.10.2025 20:06:14 auth: Токен проверен: admin
22.10.2025 20:06:14 dialog_step: START step(): {'client_id': 1, 'user_input': 'Название вашего магазина'}
22.10.2025 20:06:14 lead: Лид загружен: {'id': 1}
22.10.2025 20:06:18 dialog_step: Model raw response: Наш магазин называется "PetZone Care". Если у вас есть еще вопросы, дайте знать!
22.10.2025 20:06:18 dialog_step: ERROR: Ошибка разбора ответа модели: Expecting value: line 1 column 1 (char 0)
22.10.2025 20:06:18 dialog: ERROR: Ошибка при обработке шага диалога: cannot access local variable 'response_data' where it is not associated with a value: {'client_id': 1}
22.10.2025 20:06:24 shutdown: Остановка приложения
22.10.2025 20:06:24 shutdown: Log корректно завершён
22.10.2025 20:08:14 startup: Импорты main.py выполнены
22.10.2025 20:08:15 startup: Запуск uvicorn.run
22.10.2025 20:08:18 startup: lifespan: startup начат
22.10.2025 20:08:18 startup: База инициализирована
22.10.2025 20:08:19 startup: Base добавлен в app.state
22.10.2025 20:08:19 startup: Async Log инициализирован
22.10.2025 20:08:33 lead: 3 лидов загружено
22.10.2025 20:08:33 auth: Токен проверен: admin
22.10.2025 20:08:33 dialog_step: START step(): {'client_id': 1, 'user_input': 'Название вашего магазина'}
22.10.2025 20:08:33 lead: Лид загружен: {'id': 1}
22.10.2025 20:08:39 dialog_step: Model raw response: {
    "report": "От Агента-Отчетности ко всем другим Агентам:\n1. Переходим к этапу: Обработка запроса\n2. Промежуточные результаты:\n- Тип запроса: Категория 3\n- Запрос: Название вашего магазина\n- Запрос отработан: да\n- Отзыв клиента: None\n4. Следующий шаг: Агент-Информатор отвечает на вопрос клиента.",
    "model_answer": "Наш магазин называется \"PetZone Care\".",
    "user_name": "Алексей",
    "user_contact": "+ (900) 100-200-30"
}
22.10.2025 20:08:39 dialog_step: report: От Агента-Отчетности ко всем другим Агентам:
1. Переходим к этапу: Обработка запроса
2. Промежуточные результаты:
- Тип запроса: Категория 3
- Запрос: Название вашего магазина
- Запрос отработан: да
- Отзыв клиента: None
4. Следующий шаг: Агент-Информатор отвечает на вопрос клиента.
22.10.2025 20:08:39 dialog_step: Lead updated: {'lead.name': 'Алексей', 'lead.contact': '+ (900) 100-200-30'}
22.10.2025 20:08:39 lead: Лид обновлён: {'id': 1}
22.10.2025 20:08:39 dialog_step: END step(): {'model_answer': 'Наш магазин называется "PetZone Care".'}
22.10.2025 20:08:39 dialog: Шаг диалога обработан: {'client_id': 1}
22.10.2025 20:09:49 lead: 3 лидов загружено
22.10.2025 20:09:49 auth: Токен проверен: admin
22.10.2025 20:09:49 dialog_step: START step(): {'client_id': 1, 'user_input': 'Название вашего магазина'}
22.10.2025 20:09:49 lead: Лид загружен: {'id': 1}
22.10.2025 20:09:54 dialog_step: Model raw response: {
    "report": "От Агента-Отчетности ко всем другим Агентам:\n1. Переходим к этапу: Обработка запроса\n2. Промежуточные результаты: \n- Тип запроса: 3\n- Запрос: 'Название вашего магазина'\n- Запрос отработан: да\n- Отзыв клиента:  \n4. Следующий шаг: завершить обработку запроса.",
    "model_answer": "Наш магазин называется 'PetZone Care'.",
    "user_name": "Алексей",
    "user_contact": "+ (900) 100-200-30"
}
22.10.2025 20:09:54 dialog_step: report: От Агента-Отчетности ко всем другим Агентам:
1. Переходим к этапу: Обработка запроса
2. Промежуточные результаты: 
- Тип запроса: 3
- Запрос: 'Название вашего магазина'
- Запрос отработан: да
- Отзыв клиента:  
4. Следующий шаг: завершить обработку запроса.
22.10.2025 20:09:54 dialog_step: Lead updated: {'lead.name': 'Алексей', 'lead.contact': '+ (900) 100-200-30'}
22.10.2025 20:09:54 lead: Лид обновлён: {'id': 1}
22.10.2025 20:09:54 dialog_step: END step(): {'model_answer': "Наш магазин называется 'PetZone Care'."}
22.10.2025 20:09:54 dialog: Шаг диалога обработан: {'client_id': 1}
22.10.2025 20:10:09 lead: 3 лидов загружено
22.10.2025 20:10:09 auth: Токен проверен: admin
22.10.2025 20:10:09 dialog_step: START step(): {'client_id': 1, 'user_input': 'Сфера деятельности'}
22.10.2025 20:10:09 lead: Лид загружен: {'id': 1}
22.10.2025 20:10:13 dialog_step: Model raw response: {
    "report": "Агент-Отчетности ко всем другим Агентам:\n1. Переходим к этапу: Обработка запроса\n2. Промежуточные результаты: \n- Тип запроса: 3\n- Запрос: Сфера деятельности\n- Запрос отработан: да\n- Отзыв клиента: \n4. Следующий шаг: Завершение, запросить отзыв.",
    "model_answer": "Наш магазин 'PetZone Care' специализируется на продаже товаров для всех видов домашних животных, включая корма, витамины, игрушки, средства по уходу и многое другое. Мы также предлагаем индивидуальный подбор рационов и аксессуаров для ваших питомцев.",
    "user_name": "Алексей",
    "user_contact": "+ (900) 100-200-30"
}
22.10.2025 20:10:13 dialog_step: report: Агент-Отчетности ко всем другим Агентам:
1. Переходим к этапу: Обработка запроса
2. Промежуточные результаты: 
- Тип запроса: 3
- Запрос: Сфера деятельности
- Запрос отработан: да
- Отзыв клиента: 
4. Следующий шаг: Завершение, запросить отзыв.
22.10.2025 20:10:13 dialog_step: Lead updated: {'lead.name': 'Алексей', 'lead.contact': '+ (900) 100-200-30'}
22.10.2025 20:10:13 lead: Лид обновлён: {'id': 1}
22.10.2025 20:10:13 dialog_step: END step(): {'model_answer': "Наш магазин 'PetZone Care' специализируется на продаже товаров для всех видов домашних животных, включая корма, витамины, игрушки, средства по уходу и многое другое. Мы также предлагаем индивидуальный подбор рационов и аксессуаров для ваших питомцев."}
22.10.2025 20:10:13 dialog: Шаг диалога обработан: {'client_id': 1}
22.10.2025 20:31:45 shutdown: Остановка приложения
22.10.2025 20:31:45 shutdown: Log корректно завершён
22.10.2025 20:31:50 startup: lifespan: startup начат
22.10.2025 20:31:50 startup: База инициализирована
22.10.2025 20:31:51 startup: Base добавлен в app.state
22.10.2025 20:31:51 startup: Async Log инициализирован
22.10.2025 20:32:49 shutdown: Остановка приложения
22.10.2025 20:32:49 shutdown: Log корректно завершён
22.10.2025 20:32:53 startup: lifespan: startup начат
22.10.2025 20:32:53 startup: База инициализирована
22.10.2025 20:32:54 startup: Base добавлен в app.state
22.10.2025 20:32:54 startup: Async Log инициализирован
22.10.2025 20:33:08 shutdown: Остановка приложения
22.10.2025 20:33:08 shutdown: Log корректно завершён
22.10.2025 20:33:13 startup: lifespan: startup начат
22.10.2025 20:33:13 startup: База инициализирована
22.10.2025 20:33:14 startup: Base добавлен в app.state
22.10.2025 20:33:14 startup: Async Log инициализирован
22.10.2025 20:33:21 shutdown: Остановка приложения
22.10.2025 20:33:21 shutdown: Log корректно завершён
22.10.2025 20:33:25 startup: lifespan: startup начат
22.10.2025 20:33:25 startup: База инициализирована
22.10.2025 20:33:26 startup: Base добавлен в app.state
22.10.2025 20:33:26 startup: Async Log инициализирован
22.10.2025 20:37:20 lead: 3 лидов загружено
22.10.2025 20:37:21 auth: Пользователь успешно авторизован: {'user': {'log': '[{"role": "user", "content": "Привет"}, {"role": "assistant", "content": "Здравствуйте! Меня зовут Астра, я консультант магазина товаров для животных. Как могу к вам обращаться?"}, {"role": "user", "content": "Алексей"}, {"role": "assistant", "content": "Спасибо, Алексей! Какой у вас вопрос или проблема, с которой я могу вам помочь?"}, {"role": "user", "content": "Помоги сделать заказ"}, {"role": "assistant", "content": "Алексей, чтобы сделать заказ, мне нужно знать ваши контактные данные, по которым мы можем с вами связаться. Пожалуйста, укажите ваш номер телефона или электронную почту."}, {"role": "user", "content": "+ (900) 100-200-30"}, {"role": "assistant", "content": "Спасибо, Алексей! Я зафиксировал ваш номер телефона: + (900) 100-200-30. Для оформления заказа вам нужно выбрать товары на нашем сайте. Если у вас возникнут вопросы по выбору, дайте знать, и я помогу! В противном случае я передам ваш запрос менеджеру для дальнейшего оформления."}, {"role": "user", "content": "Как выбрать лежанку для собаки?"}, {"role": "assistant", "content": "При выборе лежанки учитывайте размер собаки (измерьте длину от носа до хвоста + 10-15 см), материал (для аллергиков - гипоаллергенные ткани), жесткость (пожилым собакам - ортопедические модели) и возможность стирки."}, {"role": "user", "content": "Расскажи про ваш магазин"}, {"role": "assistant", "content": "Мы — онлайн-магазин товаров для домашних животных, работающий более 10 лет. У нас более 200 000 постоянных клиентов и свыше 1 миллиона успешно выполненных заказов. Мы предлагаем только сертифицированные товары от проверенных брендов. У нас есть бонусная программа и ежедневные акции. Также доступны услуги самовывоза и экспресс-доставки в крупных городах."}, {"role": "user", "content": "Название вашего магазина"}, {"role": "assistant", "content": "Наш магазин называется \\"PetZone Care\\"."}, {"role": "user", "content": "Название вашего магазина"}, {"role": "assistant", "content": "Наш магазин называется \'PetZone Care\'."}, {"role": "user", "content": "Сфера деятельности"}, {"role": "assistant", "content": "Наш магазин \'PetZone Care\' специализируется на продаже товаров для всех видов домашних животных, включая корма, витамины, игрушки, средства по уходу и многое другое. Мы также предлагаем индивидуальный подбор рационов и аксессуаров для ваших питомцев."}]', 'id': 1, 'password': '$5$rounds=535000$rEp4ug7d9FPeeYYu$Cxce.TCGURiPd0RG9wOq3orsg7aiOO3yo/3/2IKQr62', 'timestamp': '<datetime>', 'name': 'Алексей', 'contact': '+ (900) 100-200-30', 'login': 'admin', 'is_admin': True}}
22.10.2025 20:39:43 lead: 3 лидов загружено
22.10.2025 20:39:43 auth: Токен проверен: admin
22.10.2025 20:39:43 lead: Лид загружен: {'id': 1}
22.10.2025 20:39:43 dialog: История диалога успешно получена: {'client_id': 1}
22.10.2025 20:40:09 lead: 3 лидов загружено
22.10.2025 20:40:09 auth: Токен проверен: admin
22.10.2025 20:40:09 dialog_step: START step(): {'client_id': 1, 'user_input': 'Привет, ассистент!'}
22.10.2025 20:40:09 lead: Лид загружен: {'id': 1}
22.10.2025 20:40:16 dialog_step: Model raw response: {
    "report": "От Агента-Отчетности ко всем другим Агентам:\n1. Переходим к этапу: Приветствие\n2. Промежуточные результаты: \n- Тип запроса: 3\n- Запрос: Привет, ассистент!\n- Запрос отработан: да\n- Отзыв клиента: \n4. Следующий шаг: запрос клиента уже отработан, дальнейшие действия не требуются.",
    "model_answer": "Здравствуйте, Алексей! Как я могу вам помочь сегодня?",
    "user_name": "Алексей",
    "user_contact": "+ (900) 100-200-30"
}
22.10.2025 20:40:16 dialog_step: report: От Агента-Отчетности ко всем другим Агентам:
1. Переходим к этапу: Приветствие
2. Промежуточные результаты: 
- Тип запроса: 3
- Запрос: Привет, ассистент!
- Запрос отработан: да
- Отзыв клиента: 
4. Следующий шаг: запрос клиента уже отработан, дальнейшие действия не требуются.
22.10.2025 20:40:16 dialog_step: Lead updated: {'lead.name': 'Алексей', 'lead.contact': '+ (900) 100-200-30'}
22.10.2025 20:40:16 lead: Лид обновлён: {'id': 1}
22.10.2025 20:40:16 dialog_step: END step(): {'model_answer': 'Здравствуйте, Алексей! Как я могу вам помочь сегодня?'}
22.10.2025 20:40:16 dialog: Шаг диалога обработан: {'client_id': 1}
22.10.2025 20:40:16 lead: 3 лидов загружено
22.10.2025 20:40:16 auth: Токен проверен: admin
22.10.2025 20:40:16 lead: 3 лидов загружено
22.10.2025 20:40:16 auth: Токен проверен: admin
22.10.2025 20:40:16 lead: Лид загружен: {'id': 1}
22.10.2025 20:40:16 lead: Лид обновлён: {'id': 1}
22.10.2025 20:40:16 dialog: Лид очищен: {'lead_id': 1}
22.10.2025 20:40:16 dialog: История диалога очищена: {'client_id': 1}
22.10.2025 20:40:16 lead: 3 лидов загружено
22.10.2025 20:40:16 auth: Токен проверен: admin
22.10.2025 20:40:40 lead: 3 лидов загружено
22.10.2025 20:40:40 auth: Токен проверен: admin
22.10.2025 20:40:40 lead: Лид загружен: {'id': 1}
22.10.2025 20:40:40 dialog: История диалога успешно получена: {'client_id': 1}
22.10.2025 20:40:40 lead: 3 лидов загружено
22.10.2025 20:40:40 auth: Токен проверен: admin
22.10.2025 20:41:04 lead: 3 лидов загружено
22.10.2025 20:41:04 auth: Пользователь успешно авторизован: {'user': {'log': '[]', 'id': 1, 'password': '$5$rounds=535000$rEp4ug7d9FPeeYYu$Cxce.TCGURiPd0RG9wOq3orsg7aiOO3yo/3/2IKQr62', 'timestamp': '<datetime>', 'name': None, 'contact': None, 'login': 'admin', 'is_admin': True}}
22.10.2025 20:41:15 lead: 3 лидов загружено
22.10.2025 20:41:15 auth: Токен проверен: admin
22.10.2025 20:41:15 lead: Лид загружен: {'id': 1}
22.10.2025 20:41:15 dialog: История диалога успешно получена: {'client_id': 1}
22.10.2025 20:41:15 lead: 3 лидов загружено
22.10.2025 20:41:15 auth: Токен проверен: admin
22.10.2025 20:41:34 lead: 3 лидов загружено
22.10.2025 20:41:34 auth: Токен проверен: admin
22.10.2025 20:41:34 dialog_step: START step(): {'client_id': 1, 'user_input': 'Привет, ассистент!'}
22.10.2025 20:41:34 lead: Лид загружен: {'id': 1}
22.10.2025 20:41:42 dialog_step: Model raw response: {
    "report": "От Агента-Отчетности ко всем другим Агентам: \n1. Переходим к этапу: Приветствие \n2. Промежуточные результаты: \n- Тип запроса: 4 \n- Запрос: Привет, ассистент! \n- Запрос отработан: нет \n- Отзыв клиента:  \n4. Следующий шаг: Агент-Классификатор должен начать диалог с клиентом и узнать, по какому вопросу он обратился.",
    "model_answer": "Здравствуйте! Меня зовут Астра, я консультант магазина товаров для животных. Как могу к вам обращаться?",
    "user_name": "",
    "user_contact": ""
}
22.10.2025 20:41:42 dialog_step: report: От Агента-Отчетности ко всем другим Агентам: 
1. Переходим к этапу: Приветствие 
2. Промежуточные результаты: 
- Тип запроса: 4 
- Запрос: Привет, ассистент! 
- Запрос отработан: нет 
- Отзыв клиента:  
4. Следующий шаг: Агент-Классификатор должен начать диалог с клиентом и узнать, по какому вопросу он обратился.
22.10.2025 20:41:42 dialog_step: Lead updated: {'lead.name': '', 'lead.contact': ''}
22.10.2025 20:41:42 lead: Лид обновлён: {'id': 1}
22.10.2025 20:41:42 dialog_step: END step(): {'model_answer': 'Здравствуйте! Меня зовут Астра, я консультант магазина товаров для животных. Как могу к вам обращаться?'}
22.10.2025 20:41:42 dialog: Шаг диалога обработан: {'client_id': 1}
22.10.2025 20:41:42 lead: 3 лидов загружено
22.10.2025 20:41:42 auth: Токен проверен: admin
22.10.2025 20:41:42 lead: 3 лидов загружено
22.10.2025 20:41:42 auth: Токен проверен: admin
22.10.2025 20:41:42 lead: Лид загружен: {'id': 1}
22.10.2025 20:41:42 lead: Лид обновлён: {'id': 1}
22.10.2025 20:41:42 dialog: Лид очищен: {'lead_id': 1}
22.10.2025 20:41:42 dialog: История диалога очищена: {'client_id': 1}
22.10.2025 20:41:42 lead: 3 лидов загружено
22.10.2025 20:41:42 auth: Токен проверен: admin
22.10.2025 20:49:34 shutdown: Остановка приложения
22.10.2025 20:49:34 shutdown: Log корректно завершён
