23.10.2025 19:46:43 startup: Импорты main.py выполнены
23.10.2025 19:46:43 startup: Запуск uvicorn.run
23.10.2025 19:46:46 startup: lifespan: startup начат
23.10.2025 19:46:46 startup: База инициализирована
23.10.2025 19:46:52 startup: Base добавлен в app.state
23.10.2025 19:46:52 startup: Async Log инициализирован
23.10.2025 20:01:04 lead: 4 лидов загружено
23.10.2025 20:01:04 auth: Пользователь успешно авторизован: {'user': {'id': 1, 'is_admin': True, 'log': '[{"role": "user", "content": "Привет"}, {"role": "assistant", "content": "Здравствуйте! Я — ваш виртуальный помощник Relaxio. Готов познакомить вас с нашими креслами и их преимуществами. Какую мотивацию вы преследуете, выбирая кресло — комфорт, здоровье или, может быть, подарок?"}, {"role": "user", "content": "Привет"}, {"role": "assistant", "content": "Здравствуйте! Чем могу помочь?"}]', 'timestamp': '<datetime>', 'name': None, 'password': '$5$rounds=535000$UCH6OSVDqBSDNxGz$MOmV/IshAtdQp7V38tpdi.6JMAZ2yHU3Cy/DkLU8GEB', 'contact': None, 'login': 'admin'}}
23.10.2025 20:01:42 lead: 4 лидов загружено
23.10.2025 20:01:42 auth: Токен проверен: admin
23.10.2025 20:01:42 lead: Лид загружен: {'id': 1}
23.10.2025 20:01:42 lead: Лид обновлён: {'id': 1}
23.10.2025 20:01:42 dialog: Лид очищен: {'lead_id': 1}
23.10.2025 20:01:42 dialog: История диалога очищена: {'client_id': 1}
23.10.2025 20:06:39 lead: 4 лидов загружено
23.10.2025 20:06:39 auth: Токен проверен: admin
23.10.2025 20:06:39 dialog_step: START step(): {'client_id': 1, 'user_input': 'Привет'}
23.10.2025 20:06:39 lead: Лид загружен: {'id': 1}
23.10.2025 20:06:44 dialog_step: Model raw response: {
    "report": "От Агента-Отчетности ко всем другим Агентам:\n1. Переходим к этапу: Приветствие\n2. Промежуточные результаты: \n- Тип запроса: \n- Запрос: Привет\n- Запрос отработан: нет\n- Отзыв клиента: \n4. Следующий шаг: Агент-Классификатор должен действовать и начать диалог с клиентом.",
    "model_answer": "Здравствуйте! Меня зовут Астра, я консультант магазина товаров для животных. Как могу к вам обращаться?",
    "user_name": "",
    "user_contact": ""
}
23.10.2025 20:06:44 dialog_step: report: От Агента-Отчетности ко всем другим Агентам:
1. Переходим к этапу: Приветствие
2. Промежуточные результаты: 
- Тип запроса: 
- Запрос: Привет
- Запрос отработан: нет
- Отзыв клиента: 
4. Следующий шаг: Агент-Классификатор должен действовать и начать диалог с клиентом.
23.10.2025 20:06:44 dialog_step: Lead updated: {'lead.name': '', 'lead.contact': ''}
23.10.2025 20:06:44 lead: Лид обновлён: {'id': 1}
23.10.2025 20:06:44 dialog_step: END step(): {'model_answer': 'Здравствуйте! Меня зовут Астра, я консультант магазина товаров для животных. Как могу к вам обращаться?'}
23.10.2025 20:06:44 dialog: Шаг диалога обработан: {'client_id': 1}
